#
# There is insufficient memory for the Java Runtime Environment to continue.
# Native memory allocation (malloc) failed to allocate 32744 bytes for ChunkPool::allocate
# Possible reasons:
#   The system is out of physical RAM or swap space
#   The process is running with CompressedOops enabled, and the Java Heap may be blocking the growth of the native heap
# Possible solutions:
#   Reduce memory load on the system
#   Increase physical memory or swap space
#   Check if swap backing store is full
#   Decrease Java heap size (-Xmx/-Xms)
#   Decrease number of Java threads
#   Decrease Java thread stack sizes (-Xss)
#   Set larger code cache with -XX:ReservedCodeCacheSize=
#   JVM is running with Unscaled Compressed Oops mode in which the Java heap is
#     placed in the first 4GB address space. The Java Heap base address is the
#     maximum limit for the native heap growth. Please use -XX:HeapBaseMinAddress
#     to set the Java Heap base and to place the Java Heap above 4GB virtual address.
# This output file may be truncated or incomplete.
#
#  Out of Memory Error (./open/src/hotspot/share/memory/arena.cpp:79), pid=11104, tid=3360
#
# JRE version: Java(TM) SE Runtime Environment (14.0.2+12) (build 14.0.2+12-46)
# Java VM: Java HotSpot(TM) 64-Bit Server VM (14.0.2+12-46, mixed mode, sharing, tiered, compressed oops, g1 gc, windows-amd64)
# No core dump will be written. Minidumps are not enabled by default on client versions of Windows
#

---------------  S U M M A R Y ------------

Command Line: -ea -Didea.test.cyclic.buffer.size=1048576 -javaagent:C:\Program Files\JetBrains\IntelliJ IDEA 2021.1.1\lib\idea_rt.jar=55843:C:\Program Files\JetBrains\IntelliJ IDEA 2021.1.1\bin -Dfile.encoding=UTF-8 com.intellij.rt.testng.RemoteTestNGStarter -usedefaultlisteners false -socket52261 @w@C:\Users\aaron\AppData\Local\Temp\idea_working_dirs_testng.tmp -temp C:\Users\aaron\AppData\Local\Temp\idea_testng.tmp

Host: Intel(R) Core(TM) i5-4300M CPU @ 2.60GHz, 4 cores, 3G,  Windows 10 , 64 bit Build 19041 (10.0.19041.1023)
Time: Tue Jul 13 20:57:02 2021 South Africa Standard Time elapsed time: 2 seconds (0d 0h 0m 2s)

---------------  T H R E A D  ---------------

Current thread (0x000002bbc2570000):  JavaThread "C1 CompilerThread0" daemon [_thread_in_native, id=3360, stack(0x000000c314f00000,0x000000c315000000)]


Current CompileTask:
C1:   2581  491       3       java.net.URLStreamHandler::parseURL (1201 bytes)

Stack: [0x000000c314f00000,0x000000c315000000]
Native frames: (J=compiled Java code, j=interpreted, Vv=VM code, C=native code)
V  [jvm.dll+0x5f8a9a]
V  [jvm.dll+0x74247a]
V  [jvm.dll+0x743c2f]
V  [jvm.dll+0x744273]
V  [jvm.dll+0x20d288]
V  [jvm.dll+0xabea6]
V  [jvm.dll+0xac1fc]
V  [jvm.dll+0x131470]
V  [jvm.dll+0x14de31]
V  [jvm.dll+0x149084]
V  [jvm.dll+0x14342e]
V  [jvm.dll+0x12fad0]
V  [jvm.dll+0x117ac9]
V  [jvm.dll+0x1173cf]
V  [jvm.dll+0x1175ff]
V  [jvm.dll+0x116884]
V  [jvm.dll+0x1187d7]
V  [jvm.dll+0x1f4105]
V  [jvm.dll+0x1f22eb]
V  [jvm.dll+0x7070cd]
V  [jvm.dll+0x6ffeda]
V  [jvm.dll+0x5f78f6]
C  [ucrtbase.dll+0x21bb2]
C  [KERNEL32.DLL+0x17034]
C  [ntdll.dll+0x52651]


---------------  P R O C E S S  ---------------

Threads class SMR info:
_java_thread_list=0x000002bbc33d90b0, length=12, elements={
0x000002bba66c4000, 0x000002bbc254a800, 0x000002bbc254b800, 0x000002bbc2567000,
0x000002bbc2569800, 0x000002bbc256a800, 0x000002bbc256b800, 0x000002bbc2570000,
0x000002bbc25de800, 0x000002bba677b800, 0x000002bbc33e4800, 0x000002bbc3444800
}

Java Threads: ( => current thread )
  0x000002bba66c4000 JavaThread "main" [_thread_in_Java, id=15436, stack(0x000000c314200000,0x000000c314300000)]
  0x000002bbc254a800 JavaThread "Reference Handler" daemon [_thread_blocked, id=2372, stack(0x000000c314900000,0x000000c314a00000)]
  0x000002bbc254b800 JavaThread "Finalizer" daemon [_thread_blocked, id=15444, stack(0x000000c314a00000,0x000000c314b00000)]
  0x000002bbc2567000 JavaThread "Signal Dispatcher" daemon [_thread_blocked, id=4152, stack(0x000000c314b00000,0x000000c314c00000)]
  0x000002bbc2569800 JavaThread "Attach Listener" daemon [_thread_blocked, id=16372, stack(0x000000c314c00000,0x000000c314d00000)]
  0x000002bbc256a800 JavaThread "Service Thread" daemon [_thread_blocked, id=1996, stack(0x000000c314d00000,0x000000c314e00000)]
  0x000002bbc256b800 JavaThread "C2 CompilerThread0" daemon [_thread_in_native, id=16240, stack(0x000000c314e00000,0x000000c314f00000)]
=>0x000002bbc2570000 JavaThread "C1 CompilerThread0" daemon [_thread_in_native, id=3360, stack(0x000000c314f00000,0x000000c315000000)]
  0x000002bbc25de800 JavaThread "Sweeper thread" daemon [_thread_blocked, id=15152, stack(0x000000c315000000,0x000000c315100000)]
  0x000002bba677b800 JavaThread "Common-Cleaner" daemon [_thread_blocked, id=15644, stack(0x000000c315100000,0x000000c315200000)]
  0x000002bbc33e4800 JavaThread "Monitor Ctrl-Break" daemon [_thread_in_native, id=15904, stack(0x000000c315200000,0x000000c315300000)]
  0x000002bbc3444800 JavaThread "Notification Thread" daemon [_thread_blocked, id=16060, stack(0x000000c315300000,0x000000c315400000)]

Other Threads:
  0x000002bbc2549000 VMThread "VM Thread" [stack: 0x000000c314800000,0x000000c314900000] [id=14924]
  0x000002bbc33e5000 WatcherThread [stack: 0x000000c315400000,0x000000c315500000] [id=11796]
  0x000002bba66f4000 GCTaskThread "GC Thread#0" [stack: 0x000000c314300000,0x000000c314400000] [id=8320]
  0x000002bbc35b9800 GCTaskThread "GC Thread#1" [stack: 0x000000c315500000,0x000000c315600000] [id=15260]
  0x000002bba66fd000 ConcurrentGCThread "G1 Main Marker" [stack: 0x000000c314400000,0x000000c314500000] [id=8440]
  0x000002bba66fe800 ConcurrentGCThread "G1 Conc#0" [stack: 0x000000c314500000,0x000000c314600000] [id=16148]
  0x000002bba674f800 ConcurrentGCThread "G1 Refine#0" [stack: 0x000000c314600000,0x000000c314700000] [id=12308]
  0x000002bba6751800 ConcurrentGCThread "G1 Young RemSet Sampling" [stack: 0x000000c314700000,0x000000c314800000] [id=13348]

Threads with active compile tasks:
C2 CompilerThread0     2678  494       4       java.lang.StringLatin1::indexOf (121 bytes)
C1 CompilerThread0     2678  491       3       java.net.URLStreamHandler::parseURL (1201 bytes)

VM state:not at safepoint (normal execution)

VM Mutex/Monitor currently owned by a thread: None

Heap address: 0x00000000c4e00000, size: 946 MB, Compressed Oops mode: 32-bit
Narrow klass base: 0x0000000800000000, Narrow klass shift: 3
Compressed class space size: 1073741824 Address: 0x0000000800b30000

Heap:
 garbage-first heap   total 61440K, used 11912K [0x00000000c4e00000, 0x0000000100000000)
  region size 1024K, 8 young (8192K), 2 survivors (2048K)
 Metaspace       used 1862K, capacity 2202K, committed 2304K, reserved 1060864K
  class space    used 188K, capacity 476K, committed 512K, reserved 1048576K
Heap Regions: E=young(eden), S=young(survivor), O=old, HS=humongous(starts), HC=humongous(continues), CS=collection set, F=free, OA=open archive, CA=closed archive, TAMS=top-at-mark-start (previous, next)
|   0|0x00000000c4e00000, 0x00000000c4f00000, 0x00000000c4f00000|100%|HS|  |TAMS 0x00000000c4e00000, 0x00000000c4e00000| Complete 
|   1|0x00000000c4f00000, 0x00000000c4f00000, 0x00000000c5000000|  0%| F|  |TAMS 0x00000000c4f00000, 0x00000000c4f00000| Untracked 
|   2|0x00000000c5000000, 0x00000000c5100000, 0x00000000c5100000|100%| O|  |TAMS 0x00000000c5000000, 0x00000000c5000000| Untracked 
|   3|0x00000000c5100000, 0x00000000c5200000, 0x00000000c5200000|100%| O|  |TAMS 0x00000000c5100000, 0x00000000c5100000| Untracked 
|   4|0x00000000c5200000, 0x00000000c5300000, 0x00000000c5300000|100%| O|  |TAMS 0x00000000c5200000, 0x00000000c5200000| Untracked 
|   5|0x00000000c5300000, 0x00000000c53a2000, 0x00000000c5400000| 63%| O|  |TAMS 0x00000000c5300000, 0x00000000c5300000| Untracked 
|   6|0x00000000c5400000, 0x00000000c5400000, 0x00000000c5500000|  0%| F|  |TAMS 0x00000000c5400000, 0x00000000c5400000| Untracked 
|   7|0x00000000c5500000, 0x00000000c5500000, 0x00000000c5600000|  0%| F|  |TAMS 0x00000000c5500000, 0x00000000c5500000| Untracked 
|   8|0x00000000c5600000, 0x00000000c5600000, 0x00000000c5700000|  0%| F|  |TAMS 0x00000000c5600000, 0x00000000c5600000| Untracked 
|   9|0x00000000c5700000, 0x00000000c5700000, 0x00000000c5800000|  0%| F|  |TAMS 0x00000000c5700000, 0x00000000c5700000| Untracked 
|  10|0x00000000c5800000, 0x00000000c5800000, 0x00000000c5900000|  0%| F|  |TAMS 0x00000000c5800000, 0x00000000c5800000| Untracked 
|  11|0x00000000c5900000, 0x00000000c5900000, 0x00000000c5a00000|  0%| F|  |TAMS 0x00000000c5900000, 0x00000000c5900000| Untracked 
|  12|0x00000000c5a00000, 0x00000000c5a00000, 0x00000000c5b00000|  0%| F|  |TAMS 0x00000000c5a00000, 0x00000000c5a00000| Untracked 
|  13|0x00000000c5b00000, 0x00000000c5b00000, 0x00000000c5c00000|  0%| F|  |TAMS 0x00000000c5b00000, 0x00000000c5b00000| Untracked 
|  14|0x00000000c5c00000, 0x00000000c5c00000, 0x00000000c5d00000|  0%| F|  |TAMS 0x00000000c5c00000, 0x00000000c5c00000| Untracked 
|  15|0x00000000c5d00000, 0x00000000c5d00000, 0x00000000c5e00000|  0%| F|  |TAMS 0x00000000c5d00000, 0x00000000c5d00000| Untracked 
|  16|0x00000000c5e00000, 0x00000000c5e00000, 0x00000000c5f00000|  0%| F|  |TAMS 0x00000000c5e00000, 0x00000000c5e00000| Untracked 
|  17|0x00000000c5f00000, 0x00000000c5f00000, 0x00000000c6000000|  0%| F|  |TAMS 0x00000000c5f00000, 0x00000000c5f00000| Untracked 
|  18|0x00000000c6000000, 0x00000000c6000000, 0x00000000c6100000|  0%| F|  |TAMS 0x00000000c6000000, 0x00000000c6000000| Untracked 
|  19|0x00000000c6100000, 0x00000000c6100000, 0x00000000c6200000|  0%| F|  |TAMS 0x00000000c6100000, 0x00000000c6100000| Untracked 
|  20|0x00000000c6200000, 0x00000000c6200000, 0x00000000c6300000|  0%| F|  |TAMS 0x00000000c6200000, 0x00000000c6200000| Untracked 
|  21|0x00000000c6300000, 0x00000000c6300000, 0x00000000c6400000|  0%| F|  |TAMS 0x00000000c6300000, 0x00000000c6300000| Untracked 
|  22|0x00000000c6400000, 0x00000000c6400000, 0x00000000c6500000|  0%| F|  |TAMS 0x00000000c6400000, 0x00000000c6400000| Untracked 
|  23|0x00000000c6500000, 0x00000000c6500000, 0x00000000c6600000|  0%| F|  |TAMS 0x00000000c6500000, 0x00000000c6500000| Untracked 
|  24|0x00000000c6600000, 0x00000000c6600000, 0x00000000c6700000|  0%| F|  |TAMS 0x00000000c6600000, 0x00000000c6600000| Untracked 
|  25|0x00000000c6700000, 0x00000000c6700000, 0x00000000c6800000|  0%| F|  |TAMS 0x00000000c6700000, 0x00000000c6700000| Untracked 
|  26|0x00000000c6800000, 0x00000000c6800000, 0x00000000c6900000|  0%| F|  |TAMS 0x00000000c6800000, 0x00000000c6800000| Untracked 
|  27|0x00000000c6900000, 0x00000000c6900000, 0x00000000c6a00000|  0%| F|  |TAMS 0x00000000c6900000, 0x00000000c6900000| Untracked 
|  28|0x00000000c6a00000, 0x00000000c6a00000, 0x00000000c6b00000|  0%| F|  |TAMS 0x00000000c6a00000, 0x00000000c6a00000| Untracked 
|  29|0x00000000c6b00000, 0x00000000c6b00000, 0x00000000c6c00000|  0%| F|  |TAMS 0x00000000c6b00000, 0x00000000c6b00000| Untracked 
|  30|0x00000000c6c00000, 0x00000000c6c00000, 0x00000000c6d00000|  0%| F|  |TAMS 0x00000000c6c00000, 0x00000000c6c00000| Untracked 
|  31|0x00000000c6d00000, 0x00000000c6d00000, 0x00000000c6e00000|  0%| F|  |TAMS 0x00000000c6d00000, 0x00000000c6d00000| Untracked 
|  32|0x00000000c6e00000, 0x00000000c6e00000, 0x00000000c6f00000|  0%| F|  |TAMS 0x00000000c6e00000, 0x00000000c6e00000| Untracked 
|  33|0x00000000c6f00000, 0x00000000c6f00000, 0x00000000c7000000|  0%| F|  |TAMS 0x00000000c6f00000, 0x00000000c6f00000| Untracked 
|  34|0x00000000c7000000, 0x00000000c7000000, 0x00000000c7100000|  0%| F|  |TAMS 0x00000000c7000000, 0x00000000c7000000| Untracked 
|  35|0x00000000c7100000, 0x00000000c7100000, 0x00000000c7200000|  0%| F|  |TAMS 0x00000000c7100000, 0x00000000c7100000| Untracked 
|  36|0x00000000c7200000, 0x00000000c7200000, 0x00000000c7300000|  0%| F|  |TAMS 0x00000000c7200000, 0x00000000c7200000| Untracked 
|  37|0x00000000c7300000, 0x00000000c7300000, 0x00000000c7400000|  0%| F|  |TAMS 0x00000000c7300000, 0x00000000c7300000| Untracked 
|  38|0x00000000c7400000, 0x00000000c7400000, 0x00000000c7500000|  0%| F|  |TAMS 0x00000000c7400000, 0x00000000c7400000| Untracked 
|  39|0x00000000c7500000, 0x00000000c7500000, 0x00000000c7600000|  0%| F|  |TAMS 0x00000000c7500000, 0x00000000c7500000| Untracked 
|  40|0x00000000c7600000, 0x00000000c7600000, 0x00000000c7700000|  0%| F|  |TAMS 0x00000000c7600000, 0x00000000c7600000| Untracked 
|  41|0x00000000c7700000, 0x00000000c7700000, 0x00000000c7800000|  0%| F|  |TAMS 0x00000000c7700000, 0x00000000c7700000| Untracked 
|  42|0x00000000c7800000, 0x00000000c7800000, 0x00000000c7900000|  0%| F|  |TAMS 0x00000000c7800000, 0x00000000c7800000| Untracked 
|  43|0x00000000c7900000, 0x00000000c7900000, 0x00000000c7a00000|  0%| F|  |TAMS 0x00000000c7900000, 0x00000000c7900000| Untracked 
|  44|0x00000000c7a00000, 0x00000000c7a00000, 0x00000000c7b00000|  0%| F|  |TAMS 0x00000000c7a00000, 0x00000000c7a00000| Untracked 
|  45|0x00000000c7b00000, 0x00000000c7c00000, 0x00000000c7c00000|100%| S|CS|TAMS 0x00000000c7b00000, 0x00000000c7b00000| Complete 
|  46|0x00000000c7c00000, 0x00000000c7d00000, 0x00000000c7d00000|100%| S|CS|TAMS 0x00000000c7c00000, 0x00000000c7c00000| Complete 
|  47|0x00000000c7d00000, 0x00000000c7d00000, 0x00000000c7e00000|  0%| F|  |TAMS 0x00000000c7d00000, 0x00000000c7d00000| Untracked 
|  48|0x00000000c7e00000, 0x00000000c7e00000, 0x00000000c7f00000|  0%| F|  |TAMS 0x00000000c7e00000, 0x00000000c7e00000| Untracked 
|  49|0x00000000c7f00000, 0x00000000c7f00000, 0x00000000c8000000|  0%| F|  |TAMS 0x00000000c7f00000, 0x00000000c7f00000| Untracked 
|  50|0x00000000c8000000, 0x00000000c8000000, 0x00000000c8100000|  0%| F|  |TAMS 0x00000000c8000000, 0x00000000c8000000| Untracked 
|  51|0x00000000c8100000, 0x00000000c8100000, 0x00000000c8200000|  0%| F|  |TAMS 0x00000000c8100000, 0x00000000c8100000| Untracked 
|  52|0x00000000c8200000, 0x00000000c8200000, 0x00000000c8300000|  0%| F|  |TAMS 0x00000000c8200000, 0x00000000c8200000| Untracked 
|  53|0x00000000c8300000, 0x00000000c8300000, 0x00000000c8400000|  0%| F|  |TAMS 0x00000000c8300000, 0x00000000c8300000| Untracked 
|  54|0x00000000c8400000, 0x00000000c847b688, 0x00000000c8500000| 48%| E|  |TAMS 0x00000000c8400000, 0x00000000c8400000| Complete 
|  55|0x00000000c8500000, 0x00000000c8600000, 0x00000000c8600000|100%| E|CS|TAMS 0x00000000c8500000, 0x00000000c8500000| Complete 
|  56|0x00000000c8600000, 0x00000000c8700000, 0x00000000c8700000|100%| E|CS|TAMS 0x00000000c8600000, 0x00000000c8600000| Complete 
|  57|0x00000000c8700000, 0x00000000c8800000, 0x00000000c8800000|100%| E|CS|TAMS 0x00000000c8700000, 0x00000000c8700000| Complete 
|  58|0x00000000c8800000, 0x00000000c8900000, 0x00000000c8900000|100%| E|CS|TAMS 0x00000000c8800000, 0x00000000c8800000| Complete 
|  59|0x00000000c8900000, 0x00000000c8a00000, 0x00000000c8a00000|100%| E|CS|TAMS 0x00000000c8900000, 0x00000000c8900000| Complete 

Card table byte_map: [0x000002bbbde60000,0x000002bbbe040000] _byte_map_base: 0x000002bbbd839000

Marking Bits (Prev, Next): (CMBitMap*) 0x000002bba66f4e78, (CMBitMap*) 0x000002bba66f4eb8
 Prev Bits: [0x000002bbbe220000, 0x000002bbbf0e8000)
 Next Bits: [0x000002bbbf0f0000, 0x000002bbbffb8000)

Polling page: 0x000002bba4560000

Metaspace:

Usage:
  Non-class:      1.69 MB capacity,     1.63 MB ( 97%) used,    48.10 KB (  3%) free+waste,     4.00 KB ( <1%) overhead. 
      Class:    476.00 KB capacity,   188.90 KB ( 40%) used,   285.41 KB ( 60%) free+waste,     1.69 KB ( <1%) overhead. 
       Both:      2.15 MB capacity,     1.82 MB ( 85%) used,   333.52 KB ( 15%) free+waste,     5.69 KB ( <1%) overhead. 

Virtual space:
  Non-class space:       12.00 MB reserved,       1.75 MB ( 15%) committed 
      Class space:        1.00 GB reserved,     512.00 KB ( <1%) committed 
             Both:        1.01 GB reserved,       2.25 MB ( <1%) committed 

Chunk freelists:
   Non-Class:  2.00 KB
       Class:  4.00 KB
        Both:  6.00 KB

MaxMetaspaceSize: 17179869184.00 GB
CompressedClassSpaceSize: 1.00 GB

CodeHeap 'non-profiled nmethods': size=120000Kb used=169Kb max_used=169Kb free=119830Kb
 bounds [0x000002bbb6930000, 0x000002bbb6ba0000, 0x000002bbbde60000]
CodeHeap 'profiled nmethods': size=120000Kb used=799Kb max_used=799Kb free=119200Kb
 bounds [0x000002bbaf400000, 0x000002bbaf670000, 0x000002bbb6930000]
CodeHeap 'non-nmethods': size=5760Kb used=1147Kb max_used=1147Kb free=4612Kb
 bounds [0x000002bbaee60000, 0x000002bbaf0d0000, 0x000002bbaf400000]
 total_blobs=890 nmethods=493 adapters=310
 compilation: enabled
              stopped_count=0, restarted_count=0
 full_count=0

Compilation events (20 events):
Event: 2.536 Thread 0x000002bbc256b800 nmethod 483 0x000002bbb6956c90 code [0x000002bbb6956e40, 0x000002bbb6956f38]
Event: 2.536 Thread 0x000002bbc2570000 nmethod 482 0x000002bbaf4c6010 code [0x000002bbaf4c6300, 0x000002bbaf4c73a8]
Event: 2.538 Thread 0x000002bbc256b800  484       4       java.util.zip.ZipCoder$UTF8::getBytes (10 bytes)
Event: 2.540 Thread 0x000002bbc256b800 nmethod 484 0x000002bbb6957010 code [0x000002bbb69571c0, 0x000002bbb6957498]
Event: 2.540 Thread 0x000002bbc256b800  485   !   4       java.util.zip.ZipFile::getEntry (73 bytes)
Event: 2.543 Thread 0x000002bbc2570000  487       1       java.lang.invoke.MethodHandle::type (5 bytes)
Event: 2.544 Thread 0x000002bbc2570000 nmethod 487 0x000002bbb6957610 code [0x000002bbb69577a0, 0x000002bbb6957878]
Event: 2.548 Thread 0x000002bbc256b800 nmethod 485 0x000002bbb6957910 code [0x000002bbb6957b40, 0x000002bbb6958418]
Event: 2.548 Thread 0x000002bbc256b800  486       4       java.util.Arrays::copyOfRange (64 bytes)
Event: 2.549 Thread 0x000002bbc2570000  488       1       jdk.internal.loader.URLClassPath$Loader::getBaseURL (5 bytes)
Event: 2.549 Thread 0x000002bbc2570000 nmethod 488 0x000002bbb6958890 code [0x000002bbb6958a20, 0x000002bbb6958af8]
Event: 2.550 Thread 0x000002bbc2570000  489       1       java.security.CodeSource::getLocationNoFragString (5 bytes)
Event: 2.554 Thread 0x000002bbc2570000 nmethod 489 0x000002bbb6958b90 code [0x000002bbb6958d20, 0x000002bbb6958df8]
Event: 2.554 Thread 0x000002bbc256b800 nmethod 486 0x000002bbb6958e90 code [0x000002bbb6959040, 0x000002bbb69592f8]
Event: 2.556 Thread 0x000002bbc2570000  490       3       sun.net.www.protocol.file.Handler::parseURL (18 bytes)
Event: 2.556 Thread 0x000002bbc256b800  492       4       java.lang.AbstractStringBuilder::append (45 bytes)
Event: 2.556 Thread 0x000002bbc2570000 nmethod 490 0x000002bbaf4c7990 code [0x000002bbaf4c7b40, 0x000002bbaf4c7cf8]
Event: 2.556 Thread 0x000002bbc2570000  491       3       java.net.URLStreamHandler::parseURL (1201 bytes)
Event: 2.566 Thread 0x000002bbc256b800 nmethod 492 0x000002bbb6959410 code [0x000002bbb6959620, 0x000002bbb6959cc8]
Event: 2.566 Thread 0x000002bbc256b800  494       4       java.lang.StringLatin1::indexOf (121 bytes)

GC Heap History (2 events):
Event: 2.390 GC heap before
{Heap before GC invocations=0 (full 0):
 garbage-first heap   total 61440K, used 14336K [0x00000000c4e00000, 0x0000000100000000)
  region size 1024K, 13 young (13312K), 0 survivors (0K)
 Metaspace       used 1141K, capacity 1549K, committed 1792K, reserved 1060864K
  class space    used 96K, capacity 404K, committed 512K, reserved 1048576K
}
Event: 2.406 GC heap after
{Heap after GC invocations=1 (full 0):
 garbage-first heap   total 61440K, used 6792K [0x00000000c4e00000, 0x0000000100000000)
  region size 1024K, 2 young (2048K), 2 survivors (2048K)
 Metaspace       used 1141K, capacity 1549K, committed 1792K, reserved 1060864K
  class space    used 96K, capacity 404K, committed 512K, reserved 1048576K
}

Deoptimization events (20 events):
Event: 1.987 Thread 0x000002bba66c4000 DEOPT PACKING pc=0x000002bbaf44238e sp=0x000000c3142fc430
Event: 1.987 Thread 0x000002bba66c4000 DEOPT UNPACKING pc=0x000002bbaeea964e sp=0x000000c3142fb8d0 mode 0
Event: 1.987 Thread 0x000002bba66c4000 DEOPT PACKING pc=0x000002bbaf44238e sp=0x000000c3142fc430
Event: 1.987 Thread 0x000002bba66c4000 DEOPT UNPACKING pc=0x000002bbaeea964e sp=0x000000c3142fb8d0 mode 0
Event: 1.987 Thread 0x000002bba66c4000 DEOPT PACKING pc=0x000002bbaf44238e sp=0x000000c3142fc430
Event: 1.987 Thread 0x000002bba66c4000 DEOPT UNPACKING pc=0x000002bbaeea964e sp=0x000000c3142fb8d0 mode 0
Event: 1.988 Thread 0x000002bba66c4000 DEOPT PACKING pc=0x000002bbaf44238e sp=0x000000c3142fc430
Event: 1.988 Thread 0x000002bba66c4000 DEOPT UNPACKING pc=0x000002bbaeea964e sp=0x000000c3142fb8d0 mode 0
Event: 2.075 Thread 0x000002bba66c4000 DEOPT PACKING pc=0x000002bbaf45598c sp=0x000000c3142fc620
Event: 2.075 Thread 0x000002bba66c4000 DEOPT UNPACKING pc=0x000002bbaeea964e sp=0x000000c3142fbae8 mode 0
Event: 2.086 Thread 0x000002bba66c4000 DEOPT PACKING pc=0x000002bbaf45642e sp=0x000000c3142fc650
Event: 2.086 Thread 0x000002bba66c4000 DEOPT UNPACKING pc=0x000002bbaeea964e sp=0x000000c3142fbae8 mode 0
Event: 2.291 Thread 0x000002bba66c4000 DEOPT PACKING pc=0x000002bbaf45642e sp=0x000000c3142fc790
Event: 2.291 Thread 0x000002bba66c4000 DEOPT UNPACKING pc=0x000002bbaeea964e sp=0x000000c3142fbc28 mode 0
Event: 2.306 Thread 0x000002bba66c4000 DEOPT PACKING pc=0x000002bbaf44edd0 sp=0x000000c3142fc3e0
Event: 2.306 Thread 0x000002bba66c4000 DEOPT UNPACKING pc=0x000002bbaeea964e sp=0x000000c3142fb880 mode 0
Event: 2.340 Thread 0x000002bba66c4000 DEOPT PACKING pc=0x000002bbaf45642e sp=0x000000c3142fc780
Event: 2.340 Thread 0x000002bba66c4000 DEOPT UNPACKING pc=0x000002bbaeea964e sp=0x000000c3142fbc18 mode 0
Event: 2.558 Thread 0x000002bba66c4000 DEOPT PACKING pc=0x000002bbaf464ddf sp=0x000000c3142fe3d0
Event: 2.558 Thread 0x000002bba66c4000 DEOPT UNPACKING pc=0x000002bbaeea964e sp=0x000000c3142fd820 mode 0

Classes unloaded (0 events):
No events

Classes redefined (0 events):
No events

Internal exceptions (1 events):
Event: 2.541 Thread 0x000002bba66c4000 Exception <a 'java/lang/NoSuchMethodError'{0x00000000c88f8880}: 'int java.lang.invoke.DirectMethodHandle$Holder.invokeStaticInit(java.lang.Object, java.lang.Object)'> (0x00000000c88f8880) 
thrown [./open/src/hotspot/share/interpreter/linkResolver.cpp, line 766]

Events (20 events):
Event: 2.407 Executing VM operation: HandshakeOneThread done
Event: 2.407 Executing VM operation: HandshakeOneThread
Event: 2.407 Executing VM operation: HandshakeOneThread done
Event: 2.442 Executing VM operation: HandshakeOneThread
Event: 2.442 Executing VM operation: HandshakeOneThread done
Event: 2.442 loading class java/net/URLClassLoader
Event: 2.442 loading class java/net/URLClassLoader done
Event: 2.442 loading class java/lang/NumberFormatException
Event: 2.442 loading class java/lang/NumberFormatException done
Event: 2.453 loading class java/lang/InterruptedException
Event: 2.453 loading class java/lang/InterruptedException done
Event: 2.455 loading class java/util/concurrent/BlockingQueue
Event: 2.456 loading class java/util/concurrent/BlockingQueue done
Event: 2.466 Loaded shared library C:\Program Files\Java\jdk-14.0.2\bin\jimage.dll
Event: 2.499 loading class java/util/BitSet
Event: 2.501 loading class java/util/BitSet done
Event: 2.548 loading class java/io/StringWriter
Event: 2.548 loading class java/io/StringWriter done
Event: 2.548 loading class java/io/StringReader
Event: 2.548 loading class java/io/StringReader done


Dynamic libraries:
0x00007ff7a9df0000 - 0x00007ff7a9dff000 	C:\Program Files\Java\jdk-14.0.2\bin\java.exe
0x00007ffa19d10000 - 0x00007ffa19f05000 	C:\WINDOWS\SYSTEM32\ntdll.dll
0x00007ff9f9530000 - 0x00007ff9f9543000 	C:\Program Files\Avast Software\Avast\aswhook.dll
0x00007ffa196a0000 - 0x00007ffa1975d000 	C:\WINDOWS\System32\KERNEL32.DLL
0x00007ffa17880000 - 0x00007ffa17b49000 	C:\WINDOWS\System32\KERNELBASE.dll
0x00007ffa17450000 - 0x00007ffa17550000 	C:\WINDOWS\System32\ucrtbase.dll
0x00007ff9ffc40000 - 0x00007ff9ffc58000 	C:\Program Files\Java\jdk-14.0.2\bin\jli.dll
0x00007ffa197d0000 - 0x00007ffa1987c000 	C:\WINDOWS\System32\ADVAPI32.dll
0x00007ffa198e0000 - 0x00007ffa1997e000 	C:\WINDOWS\System32\msvcrt.dll
0x00007ffa18730000 - 0x00007ffa187cb000 	C:\WINDOWS\System32\sechost.dll
0x00007ffa18200000 - 0x00007ffa1832a000 	C:\WINDOWS\System32\RPCRT4.dll
0x00007ffa18ff0000 - 0x00007ffa19190000 	C:\WINDOWS\System32\USER32.dll
0x00007ffa177a0000 - 0x00007ffa177c2000 	C:\WINDOWS\System32\win32u.dll
0x00007ffa19c20000 - 0x00007ffa19c4a000 	C:\WINDOWS\System32\GDI32.dll
0x00007ffa17690000 - 0x00007ffa1779b000 	C:\WINDOWS\System32\gdi32full.dll
0x00007ffa17b50000 - 0x00007ffa17bed000 	C:\WINDOWS\System32\msvcp_win.dll
0x00007ff9ffc60000 - 0x00007ff9ffc75000 	C:\Program Files\Java\jdk-14.0.2\bin\VCRUNTIME140.dll
0x00007ff9feda0000 - 0x00007ff9ff03a000 	C:\WINDOWS\WinSxS\amd64_microsoft.windows.common-controls_6595b64144ccf1df_6.0.19041.1083_none_60bbe31371f34e71\COMCTL32.dll
0x00007ffa0e700000 - 0x00007ffa0e70a000 	C:\WINDOWS\SYSTEM32\VERSION.dll
0x00007ffa18880000 - 0x00007ffa188b0000 	C:\WINDOWS\System32\IMM32.DLL
0x00007ff9ffba0000 - 0x00007ff9ffc3b000 	C:\Program Files\Java\jdk-14.0.2\bin\msvcp140.dll
0x00007ff9b5560000 - 0x00007ff9b607e000 	C:\Program Files\Java\jdk-14.0.2\bin\server\jvm.dll
0x00007ffa181f0000 - 0x00007ffa181f8000 	C:\WINDOWS\System32\PSAPI.DLL
0x00007ffa06890000 - 0x00007ffa06899000 	C:\WINDOWS\SYSTEM32\WSOCK32.dll
0x00007ffa19760000 - 0x00007ffa197cb000 	C:\WINDOWS\System32\WS2_32.dll
0x00007ff9fc340000 - 0x00007ff9fc367000 	C:\WINDOWS\SYSTEM32\WINMM.dll
0x00007ffa15540000 - 0x00007ffa15552000 	C:\WINDOWS\SYSTEM32\kernel.appcore.dll
0x00007ffa0ff90000 - 0x00007ffa0ff9a000 	C:\Program Files\Java\jdk-14.0.2\bin\jimage.dll
0x00007ffa0ca80000 - 0x00007ffa0cc64000 	C:\WINDOWS\SYSTEM32\DBGHELP.DLL
0x00007ffa0c9f0000 - 0x00007ffa0ca1c000 	C:\WINDOWS\SYSTEM32\dbgcore.DLL
0x00007ffa17550000 - 0x00007ffa175d3000 	C:\WINDOWS\System32\bcryptPrimitives.dll
0x00007ff9ffb30000 - 0x00007ff9ffb3e000 	C:\Program Files\Java\jdk-14.0.2\bin\instrument.dll
0x00007ff9e6ab0000 - 0x00007ff9e6ad5000 	C:\Program Files\Java\jdk-14.0.2\bin\java.dll
0x00007ff9ff840000 - 0x00007ff9ff856000 	C:\Program Files\Java\jdk-14.0.2\bin\zip.dll
0x00007ffa188b0000 - 0x00007ffa18fef000 	C:\WINDOWS\System32\SHELL32.dll
0x00007ffa15560000 - 0x00007ffa15cf1000 	C:\WINDOWS\SYSTEM32\windows.storage.dll
0x00007ffa19190000 - 0x00007ffa194e5000 	C:\WINDOWS\System32\combase.dll
0x00007ffa16e50000 - 0x00007ffa16e7c000 	C:\WINDOWS\SYSTEM32\Wldp.dll
0x00007ffa199e0000 - 0x00007ffa19a8e000 	C:\WINDOWS\System32\SHCORE.dll
0x00007ffa19a90000 - 0x00007ffa19ae5000 	C:\WINDOWS\System32\shlwapi.dll
0x00007ffa17390000 - 0x00007ffa173af000 	C:\WINDOWS\SYSTEM32\profapi.dll
0x00007ff9fe380000 - 0x00007ff9fe399000 	C:\Program Files\Java\jdk-14.0.2\bin\net.dll
0x00007ffa152a0000 - 0x00007ffa153aa000 	C:\WINDOWS\SYSTEM32\WINHTTP.dll
0x00007ffa16bb0000 - 0x00007ffa16c1a000 	C:\WINDOWS\system32\mswsock.dll
0x00007ff9fde60000 - 0x00007ff9fde72000 	C:\Program Files\Java\jdk-14.0.2\bin\nio.dll
0x00007ff9fca00000 - 0x00007ff9fca1a000 	C:\Program Files\JetBrains\IntelliJ IDEA 2021.1.1\bin\breakgen64.dll

dbghelp: loaded successfully - version: 4.0.5 - missing functions: none
symbol engine: initialized successfully - sym options: 0x614 - pdb path: .;C:\Program Files\Java\jdk-14.0.2\bin;C:\WINDOWS\SYSTEM32;C:\Program Files\Avast Software\Avast;C:\WINDOWS\WinSxS\amd64_microsoft.windows.common-controls_6595b64144ccf1df_6.0.19041.1083_none_60bbe31371f34e71;C:\Program Files\Java\jdk-14.0.2\bin\server;C:\Program Files\JetBrains\IntelliJ IDEA 2021.1.1\bin

VM Arguments:
jvm_args: -ea -Didea.test.cyclic.buffer.size=1048576 -javaagent:C:\Program Files\JetBrains\IntelliJ IDEA 2021.1.1\lib\idea_rt.jar=55843:C:\Program Files\JetBrains\IntelliJ IDEA 2021.1.1\bin -Dfile.encoding=UTF-8 
java_command: com.intellij.rt.testng.RemoteTestNGStarter -usedefaultlisteners false -socket52261 @w@C:\Users\aaron\AppData\Local\Temp\idea_working_dirs_testng.tmp -temp C:\Users\aaron\AppData\Local\Temp\idea_testng.tmp
java_class_path (initial): C:\Program Files\JetBrains\IntelliJ IDEA 2021.1.1\lib\idea_rt.jar;C:\Program Files\JetBrains\IntelliJ IDEA 2021.1.1\plugins\testng\lib\testng-rt.jar;C:\Users\aaron\OneDrive\Documents\Hybrid_Framework\Hybrid_Framework\target\test-classes;C:\Users\aaron\.m2\repository\org\apache\poi\poi-ooxml\5.0.0\poi-ooxml-5.0.0.jar;C:\Users\aaron\.m2\repository\org\apache\poi\poi-ooxml-lite\5.0.0\poi-ooxml-lite-5.0.0.jar;C:\Users\aaron\.m2\repository\org\apache\xmlbeans\xmlbeans\4.0.0\xmlbeans-4.0.0.jar;C:\Users\aaron\.m2\repository\org\apache\commons\commons-compress\1.20\commons-compress-1.20.jar;C:\Users\aaron\.m2\repository\com\github\virtuald\curvesapi\1.06\curvesapi-1.06.jar;C:\Users\aaron\.m2\repository\org\bouncycastle\bcpkix-jdk15on\1.68\bcpkix-jdk15on-1.68.jar;C:\Users\aaron\.m2\repository\org\bouncycastle\bcprov-jdk15on\1.68\bcprov-jdk15on-1.68.jar;C:\Users\aaron\.m2\repository\org\apache\santuario\xmlsec\2.2.1\xmlsec-2.2.1.jar;C:\Users\aaron\.m2\repository\com\fasterxml\woodstox\woodstox-core\5.2.1\woodstox-core-5.2.1.jar;C:\Users\aaron\.m2\repository\org\codehaus\woodstox\stax2-api\4.2\stax2-api-4.2.jar;C:\Users\aaron\.m2\repository\jakarta\xml\bind\jakarta.xml.bind-api\2.3.2\jakarta.xml.bind-api-2.3.2.jar;C:\Users\aaron\.m2\repository\jakarta\activation\jakarta.activation-api\1.2.1\jakarta.activation-api-1.2.1.jar;C:\Users\aaron\.m2\repository\org\apache\xmlgraphics\batik-all\1.13\batik-all-1.13.jar;C:\Users\aaron\.m2\repository\org\apache\xmlgraphics\batik-anim\1.13\batik-anim-1.13.jar;C:\Users\aaron\.m2\repository\org\apache\xmlgraphics\batik-shared-resources\1.13\batik-shared-resources-1.13.jar;C:\Users\aaron\.m2\repository\xml-apis\xml-apis-ext\1.3.04\xml-apis-ext-1.3.04.jar;C:\Users\aaron\.m2\repository\org\apache\xmlgraphics\batik-awt-util\1.13\batik-awt-util-1.13.jar;C:\Users\aaron\.m2\repository\org\apache\xmlgraphics\xmlgraphics-commons\2.4\xmlgraphics-commons-2.4.jar;C:\Users\aaron\.m2\repository\commons-io\commons-io\1.3.1\commo
Launcher Type: SUN_STANDARD

[Global flags]
     intx CICompilerCount                          = 3                                         {product} {ergonomic}
     uint ConcGCThreads                            = 1                                         {product} {ergonomic}
     uint G1ConcRefinementThreads                  = 4                                         {product} {ergonomic}
   size_t G1HeapRegionSize                         = 1048576                                   {product} {ergonomic}
    uintx GCDrainStackTargetSize                   = 64                                        {product} {ergonomic}
   size_t InitialHeapSize                          = 62914560                                  {product} {ergonomic}
   size_t MarkStackSize                            = 4194304                                   {product} {ergonomic}
   size_t MaxHeapSize                              = 991952896                                 {product} {ergonomic}
   size_t MaxNewSize                               = 594542592                                 {product} {ergonomic}
   size_t MinHeapDeltaBytes                        = 1048576                                   {product} {ergonomic}
   size_t MinHeapSize                              = 8388608                                   {product} {ergonomic}
    uintx NonNMethodCodeHeapSize                   = 5832780                                {pd product} {ergonomic}
    uintx NonProfiledCodeHeapSize                  = 122912730                              {pd product} {ergonomic}
    uintx ProfiledCodeHeapSize                     = 122912730                              {pd product} {ergonomic}
    uintx ReservedCodeCacheSize                    = 251658240                              {pd product} {ergonomic}
     bool SegmentedCodeCache                       = true                                      {product} {ergonomic}
   size_t SoftMaxHeapSize                          = 991952896                              {manageable} {ergonomic}
     bool UseCompressedClassPointers               = true                                 {lp64_product} {ergonomic}
     bool UseCompressedOops                        = true                                 {lp64_product} {ergonomic}
     bool UseG1GC                                  = true                                      {product} {ergonomic}
     bool UseLargePagesIndividualAllocation        = false                                  {pd product} {ergonomic}

Logging:
Log output configuration:
 #0: stdout all=warning uptime,level,tags
 #1: stderr all=off uptime,level,tags

Environment Variables:
JAVA_HOME=C:\Program Files\Java\jdk-14.0.2
PATH=C:\Program Files\Microsoft MPI\Bin\;C:\Program Files (x86)\Intel\Intel(R) Management Engine Components\iCLS\;C:\Program Files\Intel\Intel(R) Management Engine Components\iCLS\;C:\WINDOWS\system32;C:\WINDOWS;C:\WINDOWS\System32\Wbem;C:\WINDOWS\System32\WindowsPowerShell\v1.0\;C:\WINDOWS\System32\OpenSSH\;C:\Program Files\Java\jdk-14.0.2\bin;C:\Program Files\Microsoft SQL Server\Client SDK\ODBC\170\Tools\Binn\;C:\Program Files (x86)\Microsoft SQL Server\150\Tools\Binn\;C:\Program Files\Microsoft SQL Server\150\Tools\Binn\;C:\Program Files\Microsoft SQL Server\150\DTS\Binn\;C:\Program Files (x86)\Intel\Intel(R) Management Engine Components\DAL;C:\Program Files\Intel\Intel(R) Management Engine Components\DAL;C:\Program Files (x86)\Intel\Intel(R) Management Engine Components\IPT;C:\Program Files\Intel\Intel(R) Management Engine Components\IPT;C:\Program Files\Intel\WiFi\bin\;C:\Program Files\Common Files\Intel\WirelessCommon\;C:\Users\aaron\OneDrive\Documents\Work Space\apache-maven-3.6.3\bin;C:\Program Files\nodejs\;%ANDROID%\platform-tools;%ANDROID%\tools;C:\Program Files\dotnet\;C:\Program Files\Azure Data Studio\bin;C:\Program Files (x86)\Microsoft SQL Server\150\DTS\Binn\;C:\Program Files (x86)\dotnet\;C:\Program Files\Microsoft SQL Server\130\Tools\Binn\;C:\Users\aaron\AppData\Local\Microsoft\WindowsApps;C:\Program Files\JetBrains\IntelliJ IDEA 2021.1.1\bin;;C:\Users\aaron\AppData\Roaming\npm;C:\Users\aaron\.dotnet\tools;C:\Program Files\Azure Data Studio\bin
USERNAME=aaron
OS=Windows_NT
PROCESSOR_IDENTIFIER=Intel64 Family 6 Model 60 Stepping 3, GenuineIntel



---------------  S Y S T E M  ---------------

OS: Windows 10 , 64 bit Build 19041 (10.0.19041.1023)
OS uptime: 0 days 18:12 hours

CPU:total 4 (initial active 4) (2 cores per cpu, 2 threads per core) family 6 model 60 stepping 3, cmov, cx8, fxsr, mmx, sse, sse2, sse3, ssse3, sse4.1, sse4.2, popcnt, avx, avx2, aes, clmul, erms, lzcnt, ht, tsc, tscinvbit, bmi1, bmi2, fma

Memory: 4k page, system-wide physical 3781M (203M free)
TotalPageFile size 9781M (AvailPageFile size 2M)
current process WorkingSet (physical memory assigned to process): 59M, peak: 59M
current process commit charge ("private bytes"): 139M, peak: 139M

vm_info: Java HotSpot(TM) 64-Bit Server VM (14.0.2+12-46) for windows-amd64 JRE (14.0.2+12-46), built on Jul  9 2020 00:35:52 by "mach5one" with MS VC++ 15.9 (VS2017)

END.
