#
# There is insufficient memory for the Java Runtime Environment to continue.
# Native memory allocation (malloc) failed to allocate 65552 bytes for Chunk::new
# Possible reasons:
#   The system is out of physical RAM or swap space
#   The process is running with CompressedOops enabled, and the Java Heap may be blocking the growth of the native heap
# Possible solutions:
#   Reduce memory load on the system
#   Increase physical memory or swap space
#   Check if swap backing store is full
#   Decrease Java heap size (-Xmx/-Xms)
#   Decrease number of Java threads
#   Decrease Java thread stack sizes (-Xss)
#   Set larger code cache with -XX:ReservedCodeCacheSize=
#   JVM is running with Unscaled Compressed Oops mode in which the Java heap is
#     placed in the first 4GB address space. The Java Heap base address is the
#     maximum limit for the native heap growth. Please use -XX:HeapBaseMinAddress
#     to set the Java Heap base and to place the Java Heap above 4GB virtual address.
# This output file may be truncated or incomplete.
#
#  Out of Memory Error (./open/src/hotspot/share/memory/arena.cpp:195), pid=16120, tid=1648
#
# JRE version: Java(TM) SE Runtime Environment (14.0.2+12) (build 14.0.2+12-46)
# Java VM: Java HotSpot(TM) 64-Bit Server VM (14.0.2+12-46, mixed mode, sharing, tiered, compressed oops, g1 gc, windows-amd64)
# No core dump will be written. Minidumps are not enabled by default on client versions of Windows
#

---------------  S U M M A R Y ------------

Command Line: -ea -Didea.test.cyclic.buffer.size=1048576 -javaagent:C:\Program Files\JetBrains\IntelliJ IDEA 2021.1.1\lib\idea_rt.jar=65382:C:\Program Files\JetBrains\IntelliJ IDEA 2021.1.1\bin -Dfile.encoding=UTF-8 com.intellij.rt.testng.RemoteTestNGStarter -usedefaultlisteners false -socket65381 @w@C:\Users\aaron\AppData\Local\Temp\idea_working_dirs_testng.tmp -temp C:\Users\aaron\AppData\Local\Temp\idea_testng.tmp

Host: Intel(R) Core(TM) i5-4300M CPU @ 2.60GHz, 4 cores, 3G,  Windows 10 , 64 bit Build 19041 (10.0.19041.1023)
Time: Wed Jul 14 16:24:33 2021 South Africa Standard Time elapsed time: 11 seconds (0d 0h 0m 11s)

---------------  T H R E A D  ---------------

Current thread (0x000001a334484800):  JavaThread "C2 CompilerThread0" daemon [_thread_in_native, id=1648, stack(0x00000083e7900000,0x00000083e7a00000)]


Current CompileTask:
C2:  11374 1778       4       java.io.DataInputStream::readUTF (501 bytes)

Stack: [0x00000083e7900000,0x00000083e7a00000]
Native frames: (J=compiled Java code, j=interpreted, Vv=VM code, C=native code)
V  [jvm.dll+0x5f8a9a]
V  [jvm.dll+0x74247a]
V  [jvm.dll+0x743c2f]
V  [jvm.dll+0x744273]
V  [jvm.dll+0x20d288]
V  [jvm.dll+0xabb07]
V  [jvm.dll+0xabc7d]
V  [jvm.dll+0x100d99]
V  [jvm.dll+0x648e37]
V  [jvm.dll+0x648264]
V  [jvm.dll+0x18cd00]
V  [jvm.dll+0x1e5efa]
V  [jvm.dll+0x1e50b8]
V  [jvm.dll+0x1779cc]
V  [jvm.dll+0x1f4105]
V  [jvm.dll+0x1f22eb]
V  [jvm.dll+0x7070cd]
V  [jvm.dll+0x6ffeda]
V  [jvm.dll+0x5f78f6]
C  [ucrtbase.dll+0x21bb2]
C  [KERNEL32.DLL+0x17034]
C  [ntdll.dll+0x52651]


---------------  P R O C E S S  ---------------

Threads class SMR info:
_java_thread_list=0x000001a335bcb3f0, length=18, elements={
0x000001a3185d3800, 0x000001a33445c000, 0x000001a33445d000, 0x000001a33447e000,
0x000001a334481000, 0x000001a334483800, 0x000001a334484800, 0x000001a33448a800,
0x000001a3344f4800, 0x000001a334ea5800, 0x000001a334f36000, 0x000001a334f3b000,
0x000001a335e70800, 0x000001a335bca800, 0x000001a336596000, 0x000001a335afa800,
0x000001a3359d2000, 0x000001a33618f800
}

Java Threads: ( => current thread )
  0x000001a3185d3800 JavaThread "Forwarding maximizeCurrentWindow on session 6d8847186499452e43ab032cb0d83a03 to remote" [_thread_in_native, id=7268, stack(0x00000083e6d00000,0x00000083e6e00000)]
  0x000001a33445c000 JavaThread "Reference Handler" daemon [_thread_blocked, id=8340, stack(0x00000083e7400000,0x00000083e7500000)]
  0x000001a33445d000 JavaThread "Finalizer" daemon [_thread_blocked, id=4548, stack(0x00000083e7500000,0x00000083e7600000)]
  0x000001a33447e000 JavaThread "Signal Dispatcher" daemon [_thread_blocked, id=11196, stack(0x00000083e7600000,0x00000083e7700000)]
  0x000001a334481000 JavaThread "Attach Listener" daemon [_thread_blocked, id=4980, stack(0x00000083e7700000,0x00000083e7800000)]
  0x000001a334483800 JavaThread "Service Thread" daemon [_thread_blocked, id=10820, stack(0x00000083e7800000,0x00000083e7900000)]
=>0x000001a334484800 JavaThread "C2 CompilerThread0" daemon [_thread_in_native, id=1648, stack(0x00000083e7900000,0x00000083e7a00000)]
  0x000001a33448a800 JavaThread "C1 CompilerThread0" daemon [_thread_blocked, id=10652, stack(0x00000083e7a00000,0x00000083e7b00000)]
  0x000001a3344f4800 JavaThread "Sweeper thread" daemon [_thread_blocked, id=12004, stack(0x00000083e7b00000,0x00000083e7c00000)]
  0x000001a334ea5800 JavaThread "Common-Cleaner" daemon [_thread_blocked, id=4012, stack(0x00000083e7c00000,0x00000083e7d00000)]
  0x000001a334f36000 JavaThread "Monitor Ctrl-Break" daemon [_thread_in_native, id=2460, stack(0x00000083e7d00000,0x00000083e7e00000)]
  0x000001a334f3b000 JavaThread "Notification Thread" daemon [_thread_blocked, id=6244, stack(0x00000083e7e00000,0x00000083e7f00000)]
  0x000001a335e70800 JavaThread "Exec Default Executor" daemon [_thread_in_native, id=236, stack(0x00000083e8100000,0x00000083e8200000)]
  0x000001a335bca800 JavaThread "UrlChecker-2" daemon [_thread_blocked, id=3264, stack(0x00000083e8200000,0x00000083e8300000)]
  0x000001a336596000 JavaThread "Exec Stream Pumper" daemon [_thread_in_native, id=14008, stack(0x00000083e8400000,0x00000083e8500000)]
  0x000001a335afa800 JavaThread "Exec Stream Pumper" daemon [_thread_in_native, id=1612, stack(0x00000083e8500000,0x00000083e8600000)]
  0x000001a3359d2000 JavaThread "OkHttp ConnectionPool" daemon [_thread_blocked, id=15916, stack(0x00000083e8700000,0x00000083e8800000)]
  0x000001a33618f800 JavaThread "Okio Watchdog" daemon [_thread_blocked, id=1488, stack(0x00000083e8800000,0x00000083e8900000)]

Other Threads:
  0x000001a334458800 VMThread "VM Thread" [stack: 0x00000083e7300000,0x00000083e7400000] [id=14980]
  0x000001a334f3b800 WatcherThread [stack: 0x00000083e7f00000,0x00000083e8000000] [id=4220]
  0x000001a318604000 GCTaskThread "GC Thread#0" [stack: 0x00000083e6e00000,0x00000083e6f00000] [id=4552]
  0x000001a335331800 GCTaskThread "GC Thread#1" [stack: 0x00000083e8000000,0x00000083e8100000] [id=15244]
  0x000001a31860c800 ConcurrentGCThread "G1 Main Marker" [stack: 0x00000083e6f00000,0x00000083e7000000] [id=9828]
  0x000001a31860e000 ConcurrentGCThread "G1 Conc#0" [stack: 0x00000083e7000000,0x00000083e7100000] [id=15760]
  0x000001a31865f800 ConcurrentGCThread "G1 Refine#0" [stack: 0x00000083e7100000,0x00000083e7200000] [id=10716]
  0x000001a318661000 ConcurrentGCThread "G1 Young RemSet Sampling" [stack: 0x00000083e7200000,0x00000083e7300000] [id=16920]

Threads with active compile tasks:
C2 CompilerThread0    11474 1778       4       java.io.DataInputStream::readUTF (501 bytes)

VM state:not at safepoint (normal execution)

VM Mutex/Monitor currently owned by a thread: None

Heap address: 0x00000000c4e00000, size: 946 MB, Compressed Oops mode: 32-bit
Narrow klass base: 0x0000000800000000, Narrow klass shift: 3
Compressed class space size: 1073741824 Address: 0x0000000800b30000

Heap:
 garbage-first heap   total 61440K, used 11542K [0x00000000c4e00000, 0x0000000100000000)
  region size 1024K, 6 young (6144K), 5 survivors (5120K)
 Metaspace       used 14475K, capacity 15146K, committed 15360K, reserved 1064960K
  class space    used 1761K, capacity 2000K, committed 2048K, reserved 1048576K
Heap Regions: E=young(eden), S=young(survivor), O=old, HS=humongous(starts), HC=humongous(continues), CS=collection set, F=free, OA=open archive, CA=closed archive, TAMS=top-at-mark-start (previous, next)
|   0|0x00000000c4e00000, 0x00000000c4f00000, 0x00000000c4f00000|100%|HS|  |TAMS 0x00000000c4e00000, 0x00000000c4e00000| Complete 
|   1|0x00000000c4f00000, 0x00000000c5000000, 0x00000000c5000000|100%| O|  |TAMS 0x00000000c4f00000, 0x00000000c4f00000| Untracked 
|   2|0x00000000c5000000, 0x00000000c5100000, 0x00000000c5100000|100%| O|  |TAMS 0x00000000c5000000, 0x00000000c5000000| Untracked 
|   3|0x00000000c5100000, 0x00000000c5200000, 0x00000000c5200000|100%| O|  |TAMS 0x00000000c5100000, 0x00000000c5100000| Untracked 
|   4|0x00000000c5200000, 0x00000000c5300000, 0x00000000c5300000|100%| O|  |TAMS 0x00000000c5200000, 0x00000000c5200000| Untracked 
|   5|0x00000000c5300000, 0x00000000c5400000, 0x00000000c5400000|100%| O|  |TAMS 0x00000000c5300000, 0x00000000c5300000| Untracked 
|   6|0x00000000c5400000, 0x00000000c54d6200, 0x00000000c5500000| 83%| O|  |TAMS 0x00000000c5400000, 0x00000000c5400000| Untracked 
|   7|0x00000000c5500000, 0x00000000c5500000, 0x00000000c5600000|  0%| F|  |TAMS 0x00000000c5500000, 0x00000000c5500000| Untracked 
|   8|0x00000000c5600000, 0x00000000c5600000, 0x00000000c5700000|  0%| F|  |TAMS 0x00000000c5600000, 0x00000000c5600000| Untracked 
|   9|0x00000000c5700000, 0x00000000c5700000, 0x00000000c5800000|  0%| F|  |TAMS 0x00000000c5700000, 0x00000000c5700000| Untracked 
|  10|0x00000000c5800000, 0x00000000c5800000, 0x00000000c5900000|  0%| F|  |TAMS 0x00000000c5800000, 0x00000000c5800000| Untracked 
|  11|0x00000000c5900000, 0x00000000c5900000, 0x00000000c5a00000|  0%| F|  |TAMS 0x00000000c5900000, 0x00000000c5900000| Untracked 
|  12|0x00000000c5a00000, 0x00000000c5a00000, 0x00000000c5b00000|  0%| F|  |TAMS 0x00000000c5a00000, 0x00000000c5a00000| Untracked 
|  13|0x00000000c5b00000, 0x00000000c5b00000, 0x00000000c5c00000|  0%| F|  |TAMS 0x00000000c5b00000, 0x00000000c5b00000| Untracked 
|  14|0x00000000c5c00000, 0x00000000c5c00000, 0x00000000c5d00000|  0%| F|  |TAMS 0x00000000c5c00000, 0x00000000c5c00000| Untracked 
|  15|0x00000000c5d00000, 0x00000000c5d00000, 0x00000000c5e00000|  0%| F|  |TAMS 0x00000000c5d00000, 0x00000000c5d00000| Untracked 
|  16|0x00000000c5e00000, 0x00000000c5e00000, 0x00000000c5f00000|  0%| F|  |TAMS 0x00000000c5e00000, 0x00000000c5e00000| Untracked 
|  17|0x00000000c5f00000, 0x00000000c5f00000, 0x00000000c6000000|  0%| F|  |TAMS 0x00000000c5f00000, 0x00000000c5f00000| Untracked 
|  18|0x00000000c6000000, 0x00000000c6000000, 0x00000000c6100000|  0%| F|  |TAMS 0x00000000c6000000, 0x00000000c6000000| Untracked 
|  19|0x00000000c6100000, 0x00000000c6100000, 0x00000000c6200000|  0%| F|  |TAMS 0x00000000c6100000, 0x00000000c6100000| Untracked 
|  20|0x00000000c6200000, 0x00000000c626f9d8, 0x00000000c6300000| 43%| S|CS|TAMS 0x00000000c6200000, 0x00000000c6200000| Complete 
|  21|0x00000000c6300000, 0x00000000c6400000, 0x00000000c6400000|100%| S|CS|TAMS 0x00000000c6300000, 0x00000000c6300000| Complete 
|  22|0x00000000c6400000, 0x00000000c6500000, 0x00000000c6500000|100%| S|CS|TAMS 0x00000000c6400000, 0x00000000c6400000| Complete 
|  23|0x00000000c6500000, 0x00000000c6600000, 0x00000000c6600000|100%| S|CS|TAMS 0x00000000c6500000, 0x00000000c6500000| Complete 
|  24|0x00000000c6600000, 0x00000000c6700000, 0x00000000c6700000|100%| S|CS|TAMS 0x00000000c6600000, 0x00000000c6600000| Complete 
|  25|0x00000000c6700000, 0x00000000c6700000, 0x00000000c6800000|  0%| F|  |TAMS 0x00000000c6700000, 0x00000000c6700000| Untracked 
|  26|0x00000000c6800000, 0x00000000c6800000, 0x00000000c6900000|  0%| F|  |TAMS 0x00000000c6800000, 0x00000000c6800000| Untracked 
|  27|0x00000000c6900000, 0x00000000c6900000, 0x00000000c6a00000|  0%| F|  |TAMS 0x00000000c6900000, 0x00000000c6900000| Untracked 
|  28|0x00000000c6a00000, 0x00000000c6a00000, 0x00000000c6b00000|  0%| F|  |TAMS 0x00000000c6a00000, 0x00000000c6a00000| Untracked 
|  29|0x00000000c6b00000, 0x00000000c6b00000, 0x00000000c6c00000|  0%| F|  |TAMS 0x00000000c6b00000, 0x00000000c6b00000| Untracked 
|  30|0x00000000c6c00000, 0x00000000c6c00000, 0x00000000c6d00000|  0%| F|  |TAMS 0x00000000c6c00000, 0x00000000c6c00000| Untracked 
|  31|0x00000000c6d00000, 0x00000000c6d00000, 0x00000000c6e00000|  0%| F|  |TAMS 0x00000000c6d00000, 0x00000000c6d00000| Untracked 
|  32|0x00000000c6e00000, 0x00000000c6e00000, 0x00000000c6f00000|  0%| F|  |TAMS 0x00000000c6e00000, 0x00000000c6e00000| Untracked 
|  33|0x00000000c6f00000, 0x00000000c6f00000, 0x00000000c7000000|  0%| F|  |TAMS 0x00000000c6f00000, 0x00000000c6f00000| Untracked 
|  34|0x00000000c7000000, 0x00000000c7000000, 0x00000000c7100000|  0%| F|  |TAMS 0x00000000c7000000, 0x00000000c7000000| Untracked 
|  35|0x00000000c7100000, 0x00000000c7100000, 0x00000000c7200000|  0%| F|  |TAMS 0x00000000c7100000, 0x00000000c7100000| Untracked 
|  36|0x00000000c7200000, 0x00000000c7200000, 0x00000000c7300000|  0%| F|  |TAMS 0x00000000c7200000, 0x00000000c7200000| Untracked 
|  37|0x00000000c7300000, 0x00000000c7300000, 0x00000000c7400000|  0%| F|  |TAMS 0x00000000c7300000, 0x00000000c7300000| Untracked 
|  38|0x00000000c7400000, 0x00000000c7400000, 0x00000000c7500000|  0%| F|  |TAMS 0x00000000c7400000, 0x00000000c7400000| Untracked 
|  39|0x00000000c7500000, 0x00000000c7500000, 0x00000000c7600000|  0%| F|  |TAMS 0x00000000c7500000, 0x00000000c7500000| Untracked 
|  40|0x00000000c7600000, 0x00000000c7600000, 0x00000000c7700000|  0%| F|  |TAMS 0x00000000c7600000, 0x00000000c7600000| Untracked 
|  41|0x00000000c7700000, 0x00000000c7700000, 0x00000000c7800000|  0%| F|  |TAMS 0x00000000c7700000, 0x00000000c7700000| Untracked 
|  42|0x00000000c7800000, 0x00000000c7800000, 0x00000000c7900000|  0%| F|  |TAMS 0x00000000c7800000, 0x00000000c7800000| Untracked 
|  43|0x00000000c7900000, 0x00000000c7900000, 0x00000000c7a00000|  0%| F|  |TAMS 0x00000000c7900000, 0x00000000c7900000| Untracked 
|  44|0x00000000c7a00000, 0x00000000c7a00000, 0x00000000c7b00000|  0%| F|  |TAMS 0x00000000c7a00000, 0x00000000c7a00000| Untracked 
|  45|0x00000000c7b00000, 0x00000000c7b00000, 0x00000000c7c00000|  0%| F|  |TAMS 0x00000000c7b00000, 0x00000000c7b00000| Untracked 
|  46|0x00000000c7c00000, 0x00000000c7c00000, 0x00000000c7d00000|  0%| F|  |TAMS 0x00000000c7c00000, 0x00000000c7c00000| Untracked 
|  47|0x00000000c7d00000, 0x00000000c7d00000, 0x00000000c7e00000|  0%| F|  |TAMS 0x00000000c7d00000, 0x00000000c7d00000| Untracked 
|  48|0x00000000c7e00000, 0x00000000c7e00000, 0x00000000c7f00000|  0%| F|  |TAMS 0x00000000c7e00000, 0x00000000c7e00000| Untracked 
|  49|0x00000000c7f00000, 0x00000000c7f00000, 0x00000000c8000000|  0%| F|  |TAMS 0x00000000c7f00000, 0x00000000c7f00000| Untracked 
|  50|0x00000000c8000000, 0x00000000c8000000, 0x00000000c8100000|  0%| F|  |TAMS 0x00000000c8000000, 0x00000000c8000000| Untracked 
|  51|0x00000000c8100000, 0x00000000c8100000, 0x00000000c8200000|  0%| F|  |TAMS 0x00000000c8100000, 0x00000000c8100000| Untracked 
|  52|0x00000000c8200000, 0x00000000c8200000, 0x00000000c8300000|  0%| F|  |TAMS 0x00000000c8200000, 0x00000000c8200000| Untracked 
|  53|0x00000000c8300000, 0x00000000c8300000, 0x00000000c8400000|  0%| F|  |TAMS 0x00000000c8300000, 0x00000000c8300000| Untracked 
|  54|0x00000000c8400000, 0x00000000c8400000, 0x00000000c8500000|  0%| F|  |TAMS 0x00000000c8400000, 0x00000000c8400000| Untracked 
|  55|0x00000000c8500000, 0x00000000c8500000, 0x00000000c8600000|  0%| F|  |TAMS 0x00000000c8500000, 0x00000000c8500000| Untracked 
|  56|0x00000000c8600000, 0x00000000c8600000, 0x00000000c8700000|  0%| F|  |TAMS 0x00000000c8600000, 0x00000000c8600000| Untracked 
|  57|0x00000000c8700000, 0x00000000c8700000, 0x00000000c8800000|  0%| F|  |TAMS 0x00000000c8700000, 0x00000000c8700000| Untracked 
|  58|0x00000000c8800000, 0x00000000c8800000, 0x00000000c8900000|  0%| F|  |TAMS 0x00000000c8800000, 0x00000000c8800000| Untracked 
|  59|0x00000000c8900000, 0x00000000c8996690, 0x00000000c8a00000| 58%| E|  |TAMS 0x00000000c8900000, 0x00000000c8900000| Complete 

Card table byte_map: [0x000001a32fd70000,0x000001a32ff50000] _byte_map_base: 0x000001a32f749000

Marking Bits (Prev, Next): (CMBitMap*) 0x000001a318604938, (CMBitMap*) 0x000001a318604978
 Prev Bits: [0x000001a330130000, 0x000001a330ff8000)
 Next Bits: [0x000001a331000000, 0x000001a331ec8000)

Polling page: 0x000001a316480000

Metaspace:

Usage:
  Non-class:     12.84 MB capacity,    12.42 MB ( 97%) used,   373.84 KB (  3%) free+waste,    58.13 KB ( <1%) overhead. 
      Class:      1.95 MB capacity,     1.72 MB ( 88%) used,   207.73 KB ( 10%) free+waste,    30.56 KB (  2%) overhead. 
       Both:     14.79 MB capacity,    14.14 MB ( 96%) used,   581.57 KB (  4%) free+waste,    88.69 KB ( <1%) overhead. 

Virtual space:
  Non-class space:       16.00 MB reserved,      13.00 MB ( 81%) committed 
      Class space:        1.00 GB reserved,       2.00 MB ( <1%) committed 
             Both:        1.02 GB reserved,      15.00 MB (  1%) committed 

Chunk freelists:
   Non-Class:  38.00 KB
       Class:  16.00 KB
        Both:  54.00 KB

MaxMetaspaceSize: 17179869184.00 GB
CompressedClassSpaceSize: 1.00 GB

CodeHeap 'non-profiled nmethods': size=120000Kb used=859Kb max_used=859Kb free=119140Kb
 bounds [0x000001a328840000, 0x000001a328ab0000, 0x000001a32fd70000]
CodeHeap 'profiled nmethods': size=120000Kb used=3326Kb max_used=3326Kb free=116673Kb
 bounds [0x000001a321310000, 0x000001a321650000, 0x000001a328840000]
CodeHeap 'non-nmethods': size=5760Kb used=1238Kb max_used=1251Kb free=4521Kb
 bounds [0x000001a320d70000, 0x000001a320fe0000, 0x000001a321310000]
 total_blobs=2324 nmethods=1814 adapters=422
 compilation: enabled
              stopped_count=0, restarted_count=0
 full_count=0

Compilation events (20 events):
Event: 11.338 Thread 0x000001a33448a800 1786       3       java.lang.invoke.LambdaFormEditor$Transform::inRange (36 bytes)
Event: 11.338 Thread 0x000001a33448a800 nmethod 1786 0x000001a32163f410 code [0x000001a32163f5a0, 0x000001a32163f6f8]
Event: 11.339 Thread 0x000001a33448a800 1787       3       java.lang.invoke.BoundMethodHandle::editor (8 bytes)
Event: 11.340 Thread 0x000001a33448a800 nmethod 1787 0x000001a32163f790 code [0x000001a32163f960, 0x000001a32163fd08]
Event: 11.340 Thread 0x000001a33448a800 1788       3       java.lang.invoke.LambdaForm$Name::replaceNames (174 bytes)
Event: 11.341 Thread 0x000001a33448a800 nmethod 1788 0x000001a32163fe90 code [0x000001a3216400c0, 0x000001a321640d18]
Event: 11.344 Thread 0x000001a33448a800 1789       3       java.lang.invoke.InvokerBytecodeGenerator::getInternalName (103 bytes)
Event: 11.344 Thread 0x000001a33448a800 nmethod 1789 0x000001a321641090 code [0x000001a321641280, 0x000001a321641758]
Event: 11.345 Thread 0x000001a33448a800 1790       3       java.lang.reflect.Modifier::isPrivate (12 bytes)
Event: 11.345 Thread 0x000001a33448a800 nmethod 1790 0x000001a321641890 code [0x000001a321641a20, 0x000001a321641b58]
Event: 11.347 Thread 0x000001a33448a800 1791       3       java.lang.Character::codePointAt (51 bytes)
Event: 11.348 Thread 0x000001a33448a800 nmethod 1791 0x000001a321641c10 code [0x000001a321641e00, 0x000001a321642488]
Event: 11.348 Thread 0x000001a33448a800 1793       3       java.util.regex.Matcher::start (65 bytes)
Event: 11.348 Thread 0x000001a33448a800 nmethod 1793 0x000001a321642610 code [0x000001a321642880, 0x000001a321643328]
Event: 11.348 Thread 0x000001a33448a800 1792       3       java.util.regex.Matcher::start (22 bytes)
Event: 11.349 Thread 0x000001a33448a800 nmethod 1792 0x000001a321643710 code [0x000001a3216438c0, 0x000001a321643b08]
Event: 11.358 Thread 0x000001a33448a800 1794   !   3       java.util.concurrent.ConcurrentHashMap::putVal (432 bytes)
Event: 11.360 Thread 0x000001a33448a800 nmethod 1794 0x000001a321643c10 code [0x000001a321643f80, 0x000001a321646258]
Event: 11.360 Thread 0x000001a33448a800 1795       1       java.lang.AbstractStringBuilder::length (5 bytes)
Event: 11.360 Thread 0x000001a33448a800 nmethod 1795 0x000001a328915c10 code [0x000001a328915da0, 0x000001a328915e78]

GC Heap History (6 events):
Event: 0.973 GC heap before
{Heap before GC invocations=0 (full 0):
 garbage-first heap   total 61440K, used 14336K [0x00000000c4e00000, 0x0000000100000000)
  region size 1024K, 13 young (13312K), 0 survivors (0K)
 Metaspace       used 1148K, capacity 4608K, committed 4864K, reserved 1056768K
  class space    used 96K, capacity 405K, committed 512K, reserved 1048576K
}
Event: 0.982 GC heap after
{Heap after GC invocations=1 (full 0):
 garbage-first heap   total 61440K, used 6962K [0x00000000c4e00000, 0x0000000100000000)
  region size 1024K, 2 young (2048K), 2 survivors (2048K)
 Metaspace       used 1148K, capacity 4608K, committed 4864K, reserved 1056768K
  class space    used 96K, capacity 405K, committed 512K, reserved 1048576K
}
Event: 2.058 GC heap before
{Heap before GC invocations=1 (full 0):
 garbage-first heap   total 61440K, used 17202K [0x00000000c4e00000, 0x0000000100000000)
  region size 1024K, 13 young (13312K), 2 survivors (2048K)
 Metaspace       used 4786K, capacity 5613K, committed 5760K, reserved 1056768K
  class space    used 508K, capacity 595K, committed 640K, reserved 1048576K
}
Event: 2.064 GC heap after
{Heap after GC invocations=2 (full 0):
 garbage-first heap   total 61440K, used 8191K [0x00000000c4e00000, 0x0000000100000000)
  region size 1024K, 2 young (2048K), 2 survivors (2048K)
 Metaspace       used 4786K, capacity 5613K, committed 5760K, reserved 1056768K
  class space    used 508K, capacity 595K, committed 640K, reserved 1048576K
}
Event: 3.110 GC heap before
{Heap before GC invocations=2 (full 0):
 garbage-first heap   total 61440K, used 27647K [0x00000000c4e00000, 0x0000000100000000)
  region size 1024K, 21 young (21504K), 2 survivors (2048K)
 Metaspace       used 7962K, capacity 8265K, committed 8576K, reserved 1056768K
  class space    used 925K, capacity 1039K, committed 1152K, reserved 1048576K
}
Event: 3.117 GC heap after
{Heap after GC invocations=3 (full 0):
 garbage-first heap   total 61440K, used 8820K [0x00000000c4e00000, 0x0000000100000000)
  region size 1024K, 2 young (2048K), 2 survivors (2048K)
 Metaspace       used 7962K, capacity 8265K, committed 8576K, reserved 1056768K
  class space    used 925K, capacity 1039K, committed 1152K, reserved 1048576K
}

Deoptimization events (20 events):
Event: 4.399 Thread 0x000001a3185d3800 DEOPT PACKING pc=0x000001a3215d457b sp=0x00000083e6dfc650
Event: 4.399 Thread 0x000001a3185d3800 DEOPT UNPACKING pc=0x000001a320db964e sp=0x00000083e6dfbac0 mode 0
Event: 4.436 Thread 0x000001a3185d3800 DEOPT PACKING pc=0x000001a32135a5e2 sp=0x00000083e6dfbb60
Event: 4.436 Thread 0x000001a3185d3800 DEOPT UNPACKING pc=0x000001a320db964e sp=0x00000083e6dfaff0 mode 0
Event: 4.477 Thread 0x000001a3185d3800 DEOPT PACKING pc=0x000001a3215d457b sp=0x00000083e6dfca90
Event: 4.477 Thread 0x000001a3185d3800 DEOPT UNPACKING pc=0x000001a320db964e sp=0x00000083e6dfbf00 mode 0
Event: 4.482 Thread 0x000001a3185d3800 Uncommon trap: trap_request=0xffffff45 fr.pc=0x000001a3288e004c relative=0x00000000000003ec
Event: 4.482 Thread 0x000001a3185d3800 Uncommon trap: reason=unstable_if action=reinterpret pc=0x000001a3288e004c method=java.io.ByteArrayInputStream.read([BII)I @ 35 c2
Event: 4.482 Thread 0x000001a3185d3800 DEOPT PACKING pc=0x000001a3288e004c sp=0x00000083e6dfce20
Event: 4.482 Thread 0x000001a3185d3800 DEOPT UNPACKING pc=0x000001a320db912f sp=0x00000083e6dfcde0 mode 2
Event: 4.592 Thread 0x000001a3185d3800 DEOPT PACKING pc=0x000001a3215d457b sp=0x00000083e6df7fc0
Event: 4.592 Thread 0x000001a3185d3800 DEOPT UNPACKING pc=0x000001a320db964e sp=0x00000083e6df7430 mode 0
Event: 4.697 Thread 0x000001a3185d3800 DEOPT PACKING pc=0x000001a3215d457b sp=0x00000083e6df9c90
Event: 4.697 Thread 0x000001a3185d3800 DEOPT UNPACKING pc=0x000001a320db964e sp=0x00000083e6df9100 mode 0
Event: 4.793 Thread 0x000001a3185d3800 DEOPT PACKING pc=0x000001a3213fb79f sp=0x00000083e6dfc380
Event: 4.793 Thread 0x000001a3185d3800 DEOPT UNPACKING pc=0x000001a320db964e sp=0x00000083e6dfb808 mode 0
Event: 11.329 Thread 0x000001a3185d3800 Uncommon trap: trap_request=0xffffff45 fr.pc=0x000001a3288e47a8 relative=0x0000000000001348
Event: 11.329 Thread 0x000001a3185d3800 Uncommon trap: reason=unstable_if action=reinterpret pc=0x000001a3288e47a8 method=java.util.concurrent.ConcurrentHashMap.putVal(Ljava/lang/Object;Ljava/lang/Object;Z)Ljava/lang/Object; @ 256 c2
Event: 11.329 Thread 0x000001a3185d3800 DEOPT PACKING pc=0x000001a3288e47a8 sp=0x00000083e6dfce70
Event: 11.329 Thread 0x000001a3185d3800 DEOPT UNPACKING pc=0x000001a320db912f sp=0x00000083e6dfcdf8 mode 2

Classes unloaded (0 events):
No events

Classes redefined (0 events):
No events

Internal exceptions (20 events):
Event: 2.899 Thread 0x000001a3185d3800 Exception <a 'java/net/SocketException'{0x00000000c782d990}: Socket is not connected: shutdown> (0x00000000c782d990) 
thrown [./open/src/hotspot/share/prims/jni.cpp, line 620]
Event: 3.516 Thread 0x000001a3185d3800 Exception <a 'sun/nio/fs/WindowsException'{0x00000000c84fdc40}> (0x00000000c84fdc40) 
thrown [./open/src/hotspot/share/prims/jni.cpp, line 599]
Event: 3.520 Thread 0x000001a3185d3800 Exception <a 'java/lang/NoSuchMethodError'{0x00000000c84ff540}: 'int java.lang.invoke.DirectMethodHandle$Holder.invokeSpecialIFC(java.lang.Object, java.lang.Object, int)'> (0x00000000c84ff540) 
thrown [./open/src/hotspot/share/interpreter/linkResolver.cpp, line 766]
Event: 3.564 Thread 0x000001a3185d3800 Exception <a 'java/lang/NoSuchMethodError'{0x00000000c83258b0}: 'int java.lang.invoke.DirectMethodHandle$Holder.invokeStaticInit(java.lang.Object, java.lang.Object, java.lang.Object, java.lang.Object)'> (0x00000000c83258b0) 
thrown [./open/src/hotspot/share/interpreter/linkResolver.cpp, line 766]
Event: 3.565 Thread 0x000001a3185d3800 Exception <a 'java/lang/NoSuchMethodError'{0x00000000c83334b8}: 'void java.lang.invoke.DirectMethodHandle$Holder.invokeStaticInit(java.lang.Object, java.lang.Object)'> (0x00000000c83334b8) 
thrown [./open/src/hotspot/share/interpreter/linkResolver.cpp, line 766]
Event: 3.801 Thread 0x000001a335e70800 Exception <a 'java/lang/NoSuchMethodError'{0x00000000c7d1fb18}: 'void java.lang.invoke.DirectMethodHandle$Holder.invokeStatic(java.lang.Object, long)'> (0x00000000c7d1fb18) 
thrown [./open/src/hotspot/share/interpreter/linkResolver.cpp, line 766]
Event: 3.805 Thread 0x000001a335e70800 Exception <a 'java/lang/NoSuchMethodError'{0x00000000c7d29ba8}: 'java.lang.Object java.lang.invoke.DirectMethodHandle$Holder.invokeStaticInit(java.lang.Object, java.lang.Object, long, java.lang.Object)'> (0x00000000c7d29ba8) 
thrown [./open/src/hotspot/share/interpreter/linkResolver.cpp, line 766]
Event: 3.805 Thread 0x000001a335e70800 Exception <a 'java/lang/NoSuchMethodError'{0x00000000c7d2f008}: 'java.lang.Object java.lang.invoke.Invokers$Holder.linkToTargetMethod(java.lang.Object, long, java.lang.Object)'> (0x00000000c7d2f008) 
thrown [./open/src/hotspot/share/interpreter/linkResolver.cpp, line 766]
Event: 4.296 Thread 0x000001a335bca800 Exception <a 'java/net/SocketException'{0x00000000c7ddefe8}: Socket is not connected: shutdown> (0x00000000c7ddefe8) 
thrown [./open/src/hotspot/share/prims/jni.cpp, line 620]
Event: 4.359 Thread 0x000001a3185d3800 Exception <a 'java/lang/NoSuchMethodError'{0x00000000c7cb8cd8}: 'java.lang.Object java.lang.invoke.DirectMethodHandle$Holder.invokeInterface(java.lang.Object, java.lang.Object, java.lang.Object)'> (0x00000000c7cb8cd8) 
thrown [./open/src/hotspot/share/interpreter/linkResolver.cpp, line 766]
Event: 4.360 Thread 0x000001a3185d3800 Exception <a 'java/lang/IncompatibleClassChangeError'{0x00000000c7cbbb68}: Found class java.lang.Object, but interface was expected> (0x00000000c7cbbb68) 
thrown [./open/src/hotspot/share/interpreter/linkResolver.cpp, line 832]
Event: 4.365 Thread 0x000001a3185d3800 Exception <a 'java/lang/NoSuchMethodError'{0x00000000c7cc3960}: 'int java.lang.invoke.DirectMethodHandle$Holder.invokeSpecialIFC(java.lang.Object, java.lang.Object, java.lang.Object, java.lang.Object)'> (0x00000000c7cc3960) 
thrown [./open/src/hotspot/share/interpreter/linkResolver.cpp, line 766]
Event: 4.366 Thread 0x000001a3185d3800 Exception <a 'java/lang/NoSuchMethodError'{0x00000000c7ccb3a8}: 'java.lang.Object java.lang.invoke.DirectMethodHandle$Holder.invokeInterface(java.lang.Object, java.lang.Object, java.lang.Object, java.lang.Object)'> (0x00000000c7ccb3a8) 
thrown [./open/src/hotspot/share/interpreter/linkResolver.cpp, line 766]
Event: 4.375 Thread 0x000001a3185d3800 Exception <a 'java/lang/NoSuchMethodError'{0x00000000c7cf4640}: 'java.lang.Object java.lang.invoke.DirectMethodHandle$Holder.invokeVirtual(java.lang.Object, java.lang.Object, java.lang.Object)'> (0x00000000c7cf4640) 
thrown [./open/src/hotspot/share/interpreter/linkResolver.cpp, line 766]
Event: 4.416 Thread 0x000001a3185d3800 Exception <a 'java/lang/NoSuchMethodError'{0x00000000c7a7bf30}: 'double java.lang.invoke.DirectMethodHandle$Holder.invokeVirtual(java.lang.Object, java.lang.Object)'> (0x00000000c7a7bf30) 
thrown [./open/src/hotspot/share/interpreter/linkResolver.cpp, line 766]
Event: 4.417 Thread 0x000001a3185d3800 Exception <a 'java/lang/NoSuchMethodError'{0x00000000c7a816f0}: 'float java.lang.invoke.DirectMethodHandle$Holder.invokeVirtual(java.lang.Object, java.lang.Object)'> (0x00000000c7a816f0) 
thrown [./open/src/hotspot/share/interpreter/linkResolver.cpp, line 766]
Event: 4.418 Thread 0x000001a3185d3800 Exception <a 'java/lang/NoSuchMethodError'{0x00000000c7a89348}: 'long java.lang.invoke.DirectMethodHandle$Holder.invokeVirtual(java.lang.Object, java.lang.Object)'> (0x00000000c7a89348) 
thrown [./open/src/hotspot/share/interpreter/linkResolver.cpp, line 766]
Event: 4.465 Thread 0x000001a3185d3800 Exception <a 'java/lang/NoSuchMethodError'{0x00000000c7868688}: 'void java.lang.invoke.DirectMethodHandle$Holder.invokeSpecial(java.lang.Object, java.lang.Object, java.lang.Object, java.lang.Object, java.lang.Object)'> (0x00000000c7868688) 
thrown [./open/src/hotspot/share/interpreter/linkResolver.cpp, line 766]
Event: 11.293 Thread 0x000001a3185d3800 Exception <a 'java/lang/NoSuchMethodError'{0x00000000c6992da8}: 'java.lang.Object java.lang.invoke.DirectMethodHandle$Holder.invokeSpecialIFC(java.lang.Object, java.lang.Object, java.lang.Object)'> (0x00000000c6992da8) 
thrown [./open/src/hotspot/share/interpreter/linkResolver.cpp, line 766]
Event: 11.346 Thread 0x000001a3185d3800 Exception <a 'java/lang/ClassNotFoundException'{0x00000000c683dbc0}: sun/util/logging/resources/spi/loggingProvider> (0x00000000c683dbc0) 
thrown [./open/src/hotspot/share/classfile/systemDictionary.cpp, line 226]

Events (20 events):
Event: 11.286 loading class java/math/MathContext
Event: 11.286 loading class java/math/MathContext done
Event: 11.325 loading class java/time/zone/ZoneOffsetTransition
Event: 11.326 loading class java/time/zone/ZoneOffsetTransition done
Event: 11.346 loading class sun/util/logging/resources/logging_en
Event: 11.346 loading class sun/util/logging/resources/logging_en done
Event: 11.347 loading class sun/util/logging/resources/logging_en
Event: 11.347 loading class sun/util/logging/resources/logging_en done
Event: 11.347 loading class sun/util/logging/resources/logging_en_US
Event: 11.347 loading class sun/util/logging/resources/logging_en_US done
Event: 11.347 loading class sun/util/logging/resources/logging_en_US
Event: 11.347 loading class sun/util/logging/resources/logging_en_US done
Event: 11.352 Executing VM operation: HandshakeOneThread
Event: 11.352 Executing VM operation: HandshakeOneThread done
Event: 11.355 loading class sun/text/resources/cldr/FormatData_en_US
Event: 11.355 loading class sun/text/resources/cldr/FormatData_en_US done
Event: 11.358 Executing VM operation: HandshakeOneThread
Event: 11.358 Executing VM operation: HandshakeOneThread done
Event: 11.358 Executing VM operation: HandshakeOneThread
Event: 11.358 Executing VM operation: HandshakeOneThread done


Dynamic libraries:
0x00007ff6ae4d0000 - 0x00007ff6ae4df000 	C:\Program Files\Java\jdk-14.0.2\bin\java.exe
0x00007ffa19d10000 - 0x00007ffa19f05000 	C:\WINDOWS\SYSTEM32\ntdll.dll
0x00007ff9f9530000 - 0x00007ff9f9543000 	C:\Program Files\Avast Software\Avast\aswhook.dll
0x00007ffa196a0000 - 0x00007ffa1975d000 	C:\WINDOWS\System32\KERNEL32.DLL
0x00007ffa17880000 - 0x00007ffa17b49000 	C:\WINDOWS\System32\KERNELBASE.dll
0x00007ffa17450000 - 0x00007ffa17550000 	C:\WINDOWS\System32\ucrtbase.dll
0x00007ff9fff10000 - 0x00007ff9fff28000 	C:\Program Files\Java\jdk-14.0.2\bin\jli.dll
0x00007ff9fff30000 - 0x00007ff9fff45000 	C:\Program Files\Java\jdk-14.0.2\bin\VCRUNTIME140.dll
0x00007ffa197d0000 - 0x00007ffa1987c000 	C:\WINDOWS\System32\ADVAPI32.dll
0x00007ffa198e0000 - 0x00007ffa1997e000 	C:\WINDOWS\System32\msvcrt.dll
0x00007ffa18730000 - 0x00007ffa187cb000 	C:\WINDOWS\System32\sechost.dll
0x00007ffa18200000 - 0x00007ffa1832a000 	C:\WINDOWS\System32\RPCRT4.dll
0x00007ffa18ff0000 - 0x00007ffa19190000 	C:\WINDOWS\System32\USER32.dll
0x00007ffa177a0000 - 0x00007ffa177c2000 	C:\WINDOWS\System32\win32u.dll
0x00007ffa19c20000 - 0x00007ffa19c4a000 	C:\WINDOWS\System32\GDI32.dll
0x00007ffa17690000 - 0x00007ffa1779b000 	C:\WINDOWS\System32\gdi32full.dll
0x00007ffa17b50000 - 0x00007ffa17bed000 	C:\WINDOWS\System32\msvcp_win.dll
0x00007ff9feda0000 - 0x00007ff9ff03a000 	C:\WINDOWS\WinSxS\amd64_microsoft.windows.common-controls_6595b64144ccf1df_6.0.19041.1083_none_60bbe31371f34e71\COMCTL32.dll
0x00007ffa0e700000 - 0x00007ffa0e70a000 	C:\WINDOWS\SYSTEM32\VERSION.dll
0x00007ffa18880000 - 0x00007ffa188b0000 	C:\WINDOWS\System32\IMM32.DLL
0x00007ff9ffc30000 - 0x00007ff9ffccb000 	C:\Program Files\Java\jdk-14.0.2\bin\msvcp140.dll
0x00007ff9f3340000 - 0x00007ff9f3e5e000 	C:\Program Files\Java\jdk-14.0.2\bin\server\jvm.dll
0x00007ffa181f0000 - 0x00007ffa181f8000 	C:\WINDOWS\System32\PSAPI.DLL
0x00007ff9fc340000 - 0x00007ff9fc367000 	C:\WINDOWS\SYSTEM32\WINMM.dll
0x00007ffa06890000 - 0x00007ffa06899000 	C:\WINDOWS\SYSTEM32\WSOCK32.dll
0x00007ffa19760000 - 0x00007ffa197cb000 	C:\WINDOWS\System32\WS2_32.dll
0x00007ffa15540000 - 0x00007ffa15552000 	C:\WINDOWS\SYSTEM32\kernel.appcore.dll
0x00007ffa0ff90000 - 0x00007ffa0ff9a000 	C:\Program Files\Java\jdk-14.0.2\bin\jimage.dll
0x00007ffa0ca80000 - 0x00007ffa0cc64000 	C:\WINDOWS\SYSTEM32\DBGHELP.DLL
0x00007ffa0c9f0000 - 0x00007ffa0ca1c000 	C:\WINDOWS\SYSTEM32\dbgcore.DLL
0x00007ffa17550000 - 0x00007ffa175d3000 	C:\WINDOWS\System32\bcryptPrimitives.dll
0x00007ff9fffe0000 - 0x00007ff9fffee000 	C:\Program Files\Java\jdk-14.0.2\bin\instrument.dll
0x00007ff9ffc00000 - 0x00007ff9ffc25000 	C:\Program Files\Java\jdk-14.0.2\bin\java.dll
0x00007ff9ffbe0000 - 0x00007ff9ffbf6000 	C:\Program Files\Java\jdk-14.0.2\bin\zip.dll
0x00007ffa188b0000 - 0x00007ffa18fef000 	C:\WINDOWS\System32\SHELL32.dll
0x00007ffa15560000 - 0x00007ffa15cf1000 	C:\WINDOWS\SYSTEM32\windows.storage.dll
0x00007ffa19190000 - 0x00007ffa194e5000 	C:\WINDOWS\System32\combase.dll
0x00007ffa16e50000 - 0x00007ffa16e7c000 	C:\WINDOWS\SYSTEM32\Wldp.dll
0x00007ffa199e0000 - 0x00007ffa19a8e000 	C:\WINDOWS\System32\SHCORE.dll
0x00007ffa19a90000 - 0x00007ffa19ae5000 	C:\WINDOWS\System32\shlwapi.dll
0x00007ffa17390000 - 0x00007ffa173af000 	C:\WINDOWS\SYSTEM32\profapi.dll
0x00007ff9ffbc0000 - 0x00007ff9ffbd9000 	C:\Program Files\Java\jdk-14.0.2\bin\net.dll
0x00007ffa152a0000 - 0x00007ffa153aa000 	C:\WINDOWS\SYSTEM32\WINHTTP.dll
0x00007ffa16bb0000 - 0x00007ffa16c1a000 	C:\WINDOWS\system32\mswsock.dll
0x00007ff9ffba0000 - 0x00007ff9ffbb2000 	C:\Program Files\Java\jdk-14.0.2\bin\nio.dll
0x00007ff9ffb20000 - 0x00007ff9ffb3a000 	C:\Program Files\JetBrains\IntelliJ IDEA 2021.1.1\bin\breakgen64.dll
0x00007ffa16d90000 - 0x00007ffa16da8000 	C:\WINDOWS\SYSTEM32\CRYPTSP.dll
0x00007ffa164f0000 - 0x00007ffa16524000 	C:\WINDOWS\system32\rsaenh.dll
0x00007ffa17bf0000 - 0x00007ffa17c17000 	C:\WINDOWS\System32\bcrypt.dll
0x00007ffa17350000 - 0x00007ffa1737e000 	C:\WINDOWS\SYSTEM32\USERENV.dll
0x00007ffa16db0000 - 0x00007ffa16dbc000 	C:\WINDOWS\SYSTEM32\CRYPTBASE.dll
0x00007ffa16840000 - 0x00007ffa1687b000 	C:\WINDOWS\SYSTEM32\IPHLPAPI.DLL
0x00007ffa18870000 - 0x00007ffa18878000 	C:\WINDOWS\System32\NSI.dll
0x00007ffa0e8d0000 - 0x00007ffa0e8e7000 	C:\WINDOWS\SYSTEM32\dhcpcsvc6.DLL
0x00007ffa0e8b0000 - 0x00007ffa0e8cd000 	C:\WINDOWS\SYSTEM32\dhcpcsvc.DLL
0x00007ffa168e0000 - 0x00007ffa169ac000 	C:\WINDOWS\SYSTEM32\DNSAPI.dll
0x00007ffa0c1d0000 - 0x00007ffa0c1e0000 	C:\Program Files\Java\jdk-14.0.2\bin\verify.dll
0x00007ffa054f0000 - 0x00007ffa054fa000 	C:\Windows\System32\rasadhlp.dll
0x00007ffa068b0000 - 0x00007ffa0692f000 	C:\WINDOWS\System32\fwpuclnt.dll
0x00007ff9fd230000 - 0x00007ff9fd255000 	C:\Program Files\Java\jdk-14.0.2\bin\sunec.dll
0x00007ff9ff090000 - 0x00007ff9ff09e000 	C:\Program Files\Java\jdk-14.0.2\bin\sunmscapi.dll
0x00007ffa17c20000 - 0x00007ffa17d7f000 	C:\WINDOWS\System32\CRYPT32.dll
0x00007ffa16f30000 - 0x00007ffa16f57000 	C:\WINDOWS\SYSTEM32\ncrypt.dll
0x00007ffa16ea0000 - 0x00007ffa16edb000 	C:\WINDOWS\SYSTEM32\NTASN1.dll

dbghelp: loaded successfully - version: 4.0.5 - missing functions: none
symbol engine: initialized successfully - sym options: 0x614 - pdb path: .;C:\Program Files\Java\jdk-14.0.2\bin;C:\WINDOWS\SYSTEM32;C:\Program Files\Avast Software\Avast;C:\WINDOWS\WinSxS\amd64_microsoft.windows.common-controls_6595b64144ccf1df_6.0.19041.1083_none_60bbe31371f34e71;C:\Program Files\Java\jdk-14.0.2\bin\server;C:\Program Files\JetBrains\IntelliJ IDEA 2021.1.1\bin

VM Arguments:
jvm_args: -ea -Didea.test.cyclic.buffer.size=1048576 -javaagent:C:\Program Files\JetBrains\IntelliJ IDEA 2021.1.1\lib\idea_rt.jar=65382:C:\Program Files\JetBrains\IntelliJ IDEA 2021.1.1\bin -Dfile.encoding=UTF-8 
java_command: com.intellij.rt.testng.RemoteTestNGStarter -usedefaultlisteners false -socket65381 @w@C:\Users\aaron\AppData\Local\Temp\idea_working_dirs_testng.tmp -temp C:\Users\aaron\AppData\Local\Temp\idea_testng.tmp
java_class_path (initial): C:\Program Files\JetBrains\IntelliJ IDEA 2021.1.1\lib\idea_rt.jar;C:\Program Files\JetBrains\IntelliJ IDEA 2021.1.1\plugins\testng\lib\testng-rt.jar;C:\Users\aaron\OneDrive\Documents\Hybrid_Framework\Hybrid_Framework\target\test-classes;C:\Users\aaron\.m2\repository\org\apache\poi\poi-ooxml\5.0.0\poi-ooxml-5.0.0.jar;C:\Users\aaron\.m2\repository\org\apache\poi\poi-ooxml-lite\5.0.0\poi-ooxml-lite-5.0.0.jar;C:\Users\aaron\.m2\repository\org\apache\xmlbeans\xmlbeans\4.0.0\xmlbeans-4.0.0.jar;C:\Users\aaron\.m2\repository\org\apache\commons\commons-compress\1.20\commons-compress-1.20.jar;C:\Users\aaron\.m2\repository\com\github\virtuald\curvesapi\1.06\curvesapi-1.06.jar;C:\Users\aaron\.m2\repository\org\bouncycastle\bcpkix-jdk15on\1.68\bcpkix-jdk15on-1.68.jar;C:\Users\aaron\.m2\repository\org\bouncycastle\bcprov-jdk15on\1.68\bcprov-jdk15on-1.68.jar;C:\Users\aaron\.m2\repository\org\apache\santuario\xmlsec\2.2.1\xmlsec-2.2.1.jar;C:\Users\aaron\.m2\repository\com\fasterxml\woodstox\woodstox-core\5.2.1\woodstox-core-5.2.1.jar;C:\Users\aaron\.m2\repository\org\codehaus\woodstox\stax2-api\4.2\stax2-api-4.2.jar;C:\Users\aaron\.m2\repository\jakarta\xml\bind\jakarta.xml.bind-api\2.3.2\jakarta.xml.bind-api-2.3.2.jar;C:\Users\aaron\.m2\repository\jakarta\activation\jakarta.activation-api\1.2.1\jakarta.activation-api-1.2.1.jar;C:\Users\aaron\.m2\repository\org\apache\xmlgraphics\batik-all\1.13\batik-all-1.13.jar;C:\Users\aaron\.m2\repository\org\apache\xmlgraphics\batik-anim\1.13\batik-anim-1.13.jar;C:\Users\aaron\.m2\repository\org\apache\xmlgraphics\batik-shared-resources\1.13\batik-shared-resources-1.13.jar;C:\Users\aaron\.m2\repository\xml-apis\xml-apis-ext\1.3.04\xml-apis-ext-1.3.04.jar;C:\Users\aaron\.m2\repository\org\apache\xmlgraphics\batik-awt-util\1.13\batik-awt-util-1.13.jar;C:\Users\aaron\.m2\repository\org\apache\xmlgraphics\xmlgraphics-commons\2.4\xmlgraphics-commons-2.4.jar;C:\Users\aaron\.m2\repository\org\apache\xmlgraphics\batik-brid
Launcher Type: SUN_STANDARD

[Global flags]
     intx CICompilerCount                          = 3                                         {product} {ergonomic}
     uint ConcGCThreads                            = 1                                         {product} {ergonomic}
     uint G1ConcRefinementThreads                  = 4                                         {product} {ergonomic}
   size_t G1HeapRegionSize                         = 1048576                                   {product} {ergonomic}
    uintx GCDrainStackTargetSize                   = 64                                        {product} {ergonomic}
   size_t InitialHeapSize                          = 62914560                                  {product} {ergonomic}
   size_t MarkStackSize                            = 4194304                                   {product} {ergonomic}
   size_t MaxHeapSize                              = 991952896                                 {product} {ergonomic}
   size_t MaxNewSize                               = 594542592                                 {product} {ergonomic}
   size_t MinHeapDeltaBytes                        = 1048576                                   {product} {ergonomic}
   size_t MinHeapSize                              = 8388608                                   {product} {ergonomic}
    uintx NonNMethodCodeHeapSize                   = 5832780                                {pd product} {ergonomic}
    uintx NonProfiledCodeHeapSize                  = 122912730                              {pd product} {ergonomic}
    uintx ProfiledCodeHeapSize                     = 122912730                              {pd product} {ergonomic}
    uintx ReservedCodeCacheSize                    = 251658240                              {pd product} {ergonomic}
     bool SegmentedCodeCache                       = true                                      {product} {ergonomic}
   size_t SoftMaxHeapSize                          = 991952896                              {manageable} {ergonomic}
     bool UseCompressedClassPointers               = true                                 {lp64_product} {ergonomic}
     bool UseCompressedOops                        = true                                 {lp64_product} {ergonomic}
     bool UseG1GC                                  = true                                      {product} {ergonomic}
     bool UseLargePagesIndividualAllocation        = false                                  {pd product} {ergonomic}

Logging:
Log output configuration:
 #0: stdout all=warning uptime,level,tags
 #1: stderr all=off uptime,level,tags

Environment Variables:
JAVA_HOME=C:\Program Files\Java\jdk-14.0.2
PATH=C:\Program Files\Microsoft MPI\Bin\;C:\Program Files (x86)\Intel\Intel(R) Management Engine Components\iCLS\;C:\Program Files\Intel\Intel(R) Management Engine Components\iCLS\;C:\WINDOWS\system32;C:\WINDOWS;C:\WINDOWS\System32\Wbem;C:\WINDOWS\System32\WindowsPowerShell\v1.0\;C:\WINDOWS\System32\OpenSSH\;C:\Program Files\Java\jdk-14.0.2\bin;C:\Program Files\Microsoft SQL Server\Client SDK\ODBC\170\Tools\Binn\;C:\Program Files (x86)\Microsoft SQL Server\150\Tools\Binn\;C:\Program Files\Microsoft SQL Server\150\Tools\Binn\;C:\Program Files\Microsoft SQL Server\150\DTS\Binn\;C:\Program Files (x86)\Intel\Intel(R) Management Engine Components\DAL;C:\Program Files\Intel\Intel(R) Management Engine Components\DAL;C:\Program Files (x86)\Intel\Intel(R) Management Engine Components\IPT;C:\Program Files\Intel\Intel(R) Management Engine Components\IPT;C:\Program Files\Intel\WiFi\bin\;C:\Program Files\Common Files\Intel\WirelessCommon\;C:\Users\aaron\OneDrive\Documents\Work Space\apache-maven-3.6.3\bin;C:\Program Files\nodejs\;%ANDROID%\platform-tools;%ANDROID%\tools;C:\Program Files\dotnet\;C:\Program Files\Azure Data Studio\bin;C:\Program Files (x86)\Microsoft SQL Server\150\DTS\Binn\;C:\Program Files (x86)\dotnet\;C:\Program Files\Microsoft SQL Server\130\Tools\Binn\;C:\Users\aaron\AppData\Local\Microsoft\WindowsApps;C:\Program Files\JetBrains\IntelliJ IDEA 2021.1.1\bin;;C:\Users\aaron\AppData\Roaming\npm;C:\Users\aaron\.dotnet\tools;C:\Program Files\Azure Data Studio\bin
USERNAME=aaron
OS=Windows_NT
PROCESSOR_IDENTIFIER=Intel64 Family 6 Model 60 Stepping 3, GenuineIntel



---------------  S Y S T E M  ---------------

OS: Windows 10 , 64 bit Build 19041 (10.0.19041.1023)
OS uptime: 1 days 13:40 hours

CPU:total 4 (initial active 4) (2 cores per cpu, 2 threads per core) family 6 model 60 stepping 3, cmov, cx8, fxsr, mmx, sse, sse2, sse3, ssse3, sse4.1, sse4.2, popcnt, avx, avx2, aes, clmul, erms, lzcnt, ht, tsc, tscinvbit, bmi1, bmi2, fma

Memory: 4k page, system-wide physical 3781M (243M free)
TotalPageFile size 9781M (AvailPageFile size 1M)
current process WorkingSet (physical memory assigned to process): 111M, peak: 126M
current process commit charge ("private bytes"): 161M, peak: 184M

vm_info: Java HotSpot(TM) 64-Bit Server VM (14.0.2+12-46) for windows-amd64 JRE (14.0.2+12-46), built on Jul  9 2020 00:35:52 by "mach5one" with MS VC++ 15.9 (VS2017)

END.
